<?xml version="1.0" encoding="UTF-8"?>
<testsuites name="Mobile App E2E with Detox and Jest" tests="29" failures="6" errors="0" time="1622.712">
  <testsuite name="Smoke Test - Server Login" errors="0" failures="1" skipped="0" timestamp="2024-03-19T14:45:21" time="308.742" tests="2">
    <testcase classname="Smoke Test - Server Login MM-T4675_1 - should be able to connect to a server, log in, and show channel list screen" name="Smoke Test - Server Login MM-T4675_1 - should be able to connect to a server, log in, and show channel list screen" time="29.66">
    </testcase>
    <testcase classname="Smoke Test - Server Login MM-T4675_2 - should be able to add a new server and log-in-to/log-out-from the new server" name="Smoke Test - Server Login MM-T4675_2 - should be able to add a new server and log-in-to/log-out-from the new server" time="7.764">
      <failure>TypeError: Cannot read properties of undefined (reading &apos;id&apos;)
    at Object.apiInit (/Users/runner/work/mattermost-mobile/mattermost-mobile/detox/e2e/support/server_api/setup.ts:20:96)
    at processTicksAndRejections (node:internal/process/task_queues:95:5)
    at Object.&lt;anonymous&gt; (/Users/runner/work/mattermost-mobile/mattermost-mobile/detox/e2e/test/smoke_test/server_login.e2e.ts:70:24)</failure>
    </testcase>
    <testcase classname=" Test execution failure: could be caused by test hooks like &apos;afterAll&apos;." name=" Test execution failure: could be caused by test hooks like &apos;afterAll&apos;." time="0">
      <failure>{&quot;message&quot;:&quot;&quot;,&quot;stack&quot;:&quot;Test Failed: Timed out while waiting for expectation: TOBEVISIBLE WITH MATCHER(id == “tab_bar.account.tab”) TIMEOUT(2s)\n\nHINT: To print view hierarchy on failed actions/matches, use log-level verbose or higher.\n    at AccountScreen.open (/Users/runner/work/mattermost-mobile/mattermost-mobile/detox/e2e/support/ui/screen/account.ts:84:60)\n    at HomeScreen.logout (/Users/runner/work/mattermost-mobile/mattermost-mobile/detox/e2e/support/ui/screen/home.ts:40:29)\n    at Object.&lt;anonymous&gt; (/Users/runner/work/mattermost-mobile/mattermost-mobile/detox/e2e/test/smoke_test/server_login.e2e.ts:37:26)\n    at Promise.then.completed (/Users/runner/work/mattermost-mobile/mattermost-mobile/detox/node_modules/jest-circus/build/utils.js:298:28)\n    at new Promise (&lt;anonymous&gt;)\n    at callAsyncCircusFn (/Users/runner/work/mattermost-mobile/mattermost-mobile/detox/node_modules/jest-circus/build/utils.js:231:10)\n    at _callCircusHook (/Users/runner/work/mattermost-mobile/mattermost-mobile/detox/node_modules/jest-circus/build/run.js:281:40)\n    at processTicksAndRejections (node:internal/process/task_queues:95:5)\n    at _runTestsForDescribeBlock (/Users/runner/work/mattermost-mobile/mattermost-mobile/detox/node_modules/jest-circus/build/run.js:154:7)\n    at _runTestsForDescribeBlock (/Users/runner/work/mattermost-mobile/mattermost-mobile/detox/node_modules/jest-circus/build/run.js:121:9)\n    at run (/Users/runner/work/mattermost-mobile/mattermost-mobile/detox/node_modules/jest-circus/build/run.js:71:3)\n    at runAndTransformResultsToJestFormat (/Users/runner/work/mattermost-mobile/mattermost-mobile/detox/node_modules/jest-circus/build/legacy-code-todo-rewrite/jestAdapterInit.js:122:21)\n    at jestAdapter (/Users/runner/work/mattermost-mobile/mattermost-mobile/detox/node_modules/jest-circus/build/legacy-code-todo-rewrite/jestAdapter.js:79:19)\n    at runTestInternal (/Users/runner/work/mattermost-mobile/mattermost-mobile/detox/node_modules/jest-runner/build/runTest.js:367:16)\n    at runTest (/Users/runner/work/mattermost-mobile/mattermost-mobile/detox/node_modules/jest-runner/build/runTest.js:444:34)&quot;}</failure>
    </testcase>
  </testsuite>
  <testsuite name="Smoke Test - Threads" errors="0" failures="0" skipped="0" timestamp="2024-03-19T14:50:30" time="234.405" tests="2">
    <testcase classname="Smoke Test - Threads MM-T4811_1 - should be able to create a thread, follow/unfollow a thread, mark a thread as read/unread, and reply to thread" name="Smoke Test - Threads MM-T4811_1 - should be able to create a thread, follow/unfollow a thread, mark a thread as read/unread, and reply to thread" time="81.748">
    </testcase>
    <testcase classname="Smoke Test - Threads MM-T4811_2 - should be able to save/unsave a thread and open a thread in channel" name="Smoke Test - Threads MM-T4811_2 - should be able to save/unsave a thread and open a thread in channel" time="71.92">
    </testcase>
  </testsuite>
  <testsuite name="Teams - Invite" errors="0" failures="5" skipped="0" timestamp="2024-03-19T14:54:24" time="188.724" tests="7">
    <testcase classname="Teams - Invite MM-T5360 - should open the invite screen" name="Teams - Invite MM-T5360 - should open the invite screen" time="16.665">
      <failure>Test Failed: Timed out while waiting for expectation: TOBEVISIBLE WITH MATCHER(id == “invite.screen.selection”) TIMEOUT(2s)

HINT: To print view hierarchy on failed actions/matches, use log-level verbose or higher.
    at Object.&lt;anonymous&gt; (/Users/runner/work/mattermost-mobile/mattermost-mobile/detox/e2e/test/teams/invite_people.e2e.ts:82:61)
    at processTicksAndRejections (node:internal/process/task_queues:95:5)</failure>
    </testcase>
    <testcase classname="Teams - Invite MM-T5221 - should be able to share a URL invite to the team" name="Teams - Invite MM-T5221 - should be able to share a URL invite to the team" time="15.821">
      <failure>Test Failed: Failed expectation: TOEXIST WITH MATCHER(label == “Join the Team e1f41b team”) AT INDEX(0)

HINT: To print view hierarchy on failed actions/matches, use log-level verbose or higher.
    at Object.&lt;anonymous&gt; (/Users/runner/work/mattermost-mobile/mattermost-mobile/detox/e2e/test/teams/invite_people.e2e.ts:102:34)
    at processTicksAndRejections (node:internal/process/task_queues:95:5)</failure>
    </testcase>
    <testcase classname="Teams - Invite MM-T5361 - should show no results item in search list" name="Teams - Invite MM-T5361 - should show no results item in search list" time="13.428">
    </testcase>
    <testcase classname="Teams - Invite MM-T5362 - should be able to send email invite" name="Teams - Invite MM-T5362 - should be able to send email invite" time="18.844">
    </testcase>
    <testcase classname="Teams - Invite MM-T5363 - should be able to send user invite" name="Teams - Invite MM-T5363 - should be able to send user invite" time="14.272">
      <failure>Test Failed: No elements found for “MATCHER(id == “invite.search_list_user_item.1nxos463ct8otnwtxdsxnxf6ny.username”)”

HINT: To print view hierarchy on failed actions/matches, use log-level verbose or higher.
    at Object.&lt;anonymous&gt; (/Users/runner/work/mattermost-mobile/mattermost-mobile/detox/e2e/test/teams/invite_people.e2e.ts:156:70)
    at processTicksAndRejections (node:internal/process/task_queues:95:5)</failure>
    </testcase>
    <testcase classname="Teams - Invite MM-T5364 - should not be able to send user invite to user already in team" name="Teams - Invite MM-T5364 - should not be able to send user invite to user already in team" time="21.795">
      <failure>Test Failed: Failed expectation: NOT TOEXIST WITH MATCHER(id == “invite.summary_report.sent”)

HINT: To print view hierarchy on failed actions/matches, use log-level verbose or higher.
    at Object.&lt;anonymous&gt; (/Users/runner/work/mattermost-mobile/mattermost-mobile/detox/e2e/test/teams/invite_people.e2e.ts:196:57)
    at processTicksAndRejections (node:internal/process/task_queues:95:5)</failure>
    </testcase>
    <testcase classname="Teams - Invite MM-T5365 - should handle both sent and not sent invites" name="Teams - Invite MM-T5365 - should handle both sent and not sent invites" time="23.943">
      <failure>Test Failed: No elements found for “MATCHER(id == “invite.summary_report.user_item.bgf9fd1ytby1x83y758t74kcyr.username”)”

HINT: To print view hierarchy on failed actions/matches, use log-level verbose or higher.
    at Object.&lt;anonymous&gt; (/Users/runner/work/mattermost-mobile/mattermost-mobile/detox/e2e/test/teams/invite_people.e2e.ts:238:72)
    at processTicksAndRejections (node:internal/process/task_queues:95:5)</failure>
    </testcase>
  </testsuite>
  <testsuite name="Threads - Follow and Unfollow Thread" errors="0" failures="0" skipped="0" timestamp="2024-03-19T14:57:33" time="212.495" tests="4">
    <testcase classname="Threads - Follow and Unfollow Thread MM-T4806_1 - should be able to follow/unfollow a thread via thread navigation" name="Threads - Follow and Unfollow Thread MM-T4806_1 - should be able to follow/unfollow a thread via thread navigation" time="28.416">
    </testcase>
    <testcase classname="Threads - Follow and Unfollow Thread MM-T4806_2 - should be able to follow/unfollow a thread via post footer" name="Threads - Follow and Unfollow Thread MM-T4806_2 - should be able to follow/unfollow a thread via post footer" time="28.741">
    </testcase>
    <testcase classname="Threads - Follow and Unfollow Thread MM-T4806_3 - should be able to follow/unfollow a thread via post options" name="Threads - Follow and Unfollow Thread MM-T4806_3 - should be able to follow/unfollow a thread via post options" time="52.138">
    </testcase>
    <testcase classname="Threads - Follow and Unfollow Thread MM-T4806_4 - should be able to unfollow a thread via thread options" name="Threads - Follow and Unfollow Thread MM-T4806_4 - should be able to unfollow a thread via thread options" time="44.641">
    </testcase>
  </testsuite>
  <testsuite name="Threads - Global Threads" errors="0" failures="0" skipped="2" timestamp="2024-03-19T15:01:05" time="118.891" tests="5">
    <testcase classname="Threads - Global Threads MM-T4805_1 - should match elements on global threads screen" name="Threads - Global Threads MM-T4805_1 - should match elements on global threads screen" time="3.225">
    </testcase>
    <testcase classname="Threads - Global Threads MM-T4805_2 - should be able to go to a thread a user started and followed -- UNSTABLE" name="Threads - Global Threads MM-T4805_2 - should be able to go to a thread a user started and followed -- UNSTABLE" time="0">
      <skipped/>
    </testcase>
    <testcase classname="Threads - Global Threads MM-T4805_3 - should not display a thread a user started but not followed" name="Threads - Global Threads MM-T4805_3 - should not display a thread a user started but not followed" time="30.799">
    </testcase>
    <testcase classname="Threads - Global Threads MM-T4805_4 - should be able to go to a thread a user replied to and followed -- UNSTABLE" name="Threads - Global Threads MM-T4805_4 - should be able to go to a thread a user replied to and followed -- UNSTABLE" time="0">
      <skipped/>
    </testcase>
    <testcase classname="Threads - Global Threads MM-T4805_5 - should not display a thread a user replied to but not followed" name="Threads - Global Threads MM-T4805_5 - should not display a thread a user replied to but not followed" time="25.597">
    </testcase>
  </testsuite>
  <testsuite name="Threads - Mark Thread as Read and Unread" errors="0" failures="0" skipped="0" timestamp="2024-03-19T15:03:04" time="138.768" tests="3">
    <testcase classname="Threads - Mark Thread as Read and Unread MM-T4807_1 - should be able to mark a thread as read by opening thread" name="Threads - Mark Thread as Read and Unread MM-T4807_1 - should be able to mark a thread as read by opening thread" time="24.916">
    </testcase>
    <testcase classname="Threads - Mark Thread as Read and Unread MM-T4807_2 - should be able to mark a thread as read/unread via thread options" name="Threads - Mark Thread as Read and Unread MM-T4807_2 - should be able to mark a thread as read/unread via thread options" time="35.522">
    </testcase>
    <testcase classname="Threads - Mark Thread as Read and Unread MM-T4807_3 - should be able to mark all threads as read" name="Threads - Mark Thread as Read and Unread MM-T4807_3 - should be able to mark all threads as read" time="24.013">
    </testcase>
  </testsuite>
  <testsuite name="Threads - Open Thread in Channel" errors="0" failures="0" skipped="0" timestamp="2024-03-19T15:05:23" time="146.977" tests="2">
    <testcase classname="Threads - Open Thread in Channel MM-T4810_1 - should be able to open a thread in channel via thread options" name="Threads - Open Thread in Channel MM-T4810_1 - should be able to open a thread in channel via thread options" time="42.974">
    </testcase>
    <testcase classname="Threads - Open Thread in Channel MM-T4810_2 - should be able to open a thread in channel by permalink" name="Threads - Open Thread in Channel MM-T4810_2 - should be able to open a thread in channel by permalink" time="46.31">
    </testcase>
  </testsuite>
  <testsuite name="Threads - Reply to Thread" errors="0" failures="0" skipped="0" timestamp="2024-03-19T15:07:50" time="133.339" tests="2">
    <testcase classname="Threads - Reply to Thread MM-T4809_1 - should be able to reply to a thread via thread options" name="Threads - Reply to Thread MM-T4809_1 - should be able to reply to a thread via thread options" time="40.872">
    </testcase>
    <testcase classname="Threads - Reply to Thread MM-T4809_2 - should be able to reply to a thread by opening thread" name="Threads - Reply to Thread MM-T4809_2 - should be able to reply to a thread by opening thread" time="36.948">
    </testcase>
  </testsuite>
  <testsuite name="Threads - Save and Unsave Thread" errors="0" failures="0" skipped="0" timestamp="2024-03-19T15:10:03" time="139.695" tests="2">
    <testcase classname="Threads - Save and Unsave Thread MM-T4808_1 - should be able to save/unsave a thread via thread options" name="Threads - Save and Unsave Thread MM-T4808_1 - should be able to save/unsave a thread via thread options" time="47.985">
    </testcase>
    <testcase classname="Threads - Save and Unsave Thread MM-T4808_2 - should be able to save/unsave a thread via thread overview" name="Threads - Save and Unsave Thread MM-T4808_2 - should be able to save/unsave a thread via thread overview" time="35.364">
    </testcase>
  </testsuite>
</testsuites>