<?xml version="1.0" encoding="UTF-8"?>
<testsuites name="Mobile App E2E with Detox and Jest" tests="31" failures="0" errors="0" time="1643.711">
  <testsuite name="Messaging - Message Edit" errors="0" failures="0" skipped="0" timestamp="2024-03-19T14:45:19" time="348.586" tests="3">
    <testcase classname="Messaging - Message Edit MM-T4783_1 - should be able to edit a post message and save" name="Messaging - Message Edit MM-T4783_1 - should be able to edit a post message and save" time="32.077">
    </testcase>
    <testcase classname="Messaging - Message Edit MM-T4783_2 - should be able to edit a post message and cancel" name="Messaging - Message Edit MM-T4783_2 - should be able to edit a post message and cancel" time="29.25">
    </testcase>
    <testcase classname="Messaging - Message Edit MM-T4783_3 - should be able to edit a post message from reply thread" name="Messaging - Message Edit MM-T4783_3 - should be able to edit a post message from reply thread" time="38.935">
    </testcase>
  </testsuite>
  <testsuite name="Messaging - Message Post" errors="0" failures="0" skipped="0" timestamp="2024-03-19T14:51:08" time="92.011" tests="2">
    <testcase classname="Messaging - Message Post MM-T4782_1 - should be able to post a message when send button is tapped" name="Messaging - Message Post MM-T4782_1 - should be able to post a message when send button is tapped" time="12.027">
    </testcase>
    <testcase classname="Messaging - Message Post MM-T4782_2 - should be able to post a long message" name="Messaging - Message Post MM-T4782_2 - should be able to post a long message" time="19.694">
    </testcase>
  </testsuite>
  <testsuite name="Messaging - Message Reply" errors="0" failures="0" skipped="0" timestamp="2024-03-19T14:52:40" time="137.521" tests="3">
    <testcase classname="Messaging - Message Reply MM-T4785_1 - should be able to reply to a post via post options reply option" name="Messaging - Message Reply MM-T4785_1 - should be able to reply to a post via post options reply option" time="27.029">
    </testcase>
    <testcase classname="Messaging - Message Reply MM-T4785_2 - should be able to open reply thread by tapping on the post" name="Messaging - Message Reply MM-T4785_2 - should be able to open reply thread by tapping on the post" time="16.529">
    </testcase>
    <testcase classname="Messaging - Message Reply MM-T4785_3 - should not have reply option available on reply thread post options -- KNOWN ISSUE: MM-50206" name="Messaging - Message Reply MM-T4785_3 - should not have reply option available on reply thread post options -- KNOWN ISSUE: MM-50206" time="25.34">
    </testcase>
  </testsuite>
  <testsuite name="Messaging - Permalink" errors="0" failures="0" skipped="0" timestamp="2024-03-19T14:54:57" time="131.214" tests="4">
    <testcase classname="Messaging - Permalink MM-T4876_1 - should be able to jump to target public channel post by tapping on permalink with team name" name="Messaging - Permalink MM-T4876_1 - should be able to jump to target public channel post by tapping on permalink with team name" time="19.042">
    </testcase>
    <testcase classname="Messaging - Permalink MM-T4876_2 - should be able to jump to target public channel post by tapping on permalink with _redirect" name="Messaging - Permalink MM-T4876_2 - should be able to jump to target public channel post by tapping on permalink with _redirect" time="18.802">
    </testcase>
    <testcase classname="Messaging - Permalink MM-T4876_3 - should be able to jump to target DM post by tapping on permalink with team name" name="Messaging - Permalink MM-T4876_3 - should be able to jump to target DM post by tapping on permalink with team name" time="19.256">
    </testcase>
    <testcase classname="Messaging - Permalink MM-T4876_4 - should be able to jump to target DM post by tapping on permalink with _redirect" name="Messaging - Permalink MM-T4876_4 - should be able to jump to target DM post by tapping on permalink with _redirect" time="19.103">
    </testcase>
  </testsuite>
  <testsuite name="Messaging - Pin and Unpin Message" errors="0" failures="0" skipped="0" timestamp="2024-03-19T14:57:09" time="115.226" tests="2">
    <testcase classname="Messaging - Pin and Unpin Message MM-T4865_1 - should be able to pin/unpin a message via post options on channel screen" name="Messaging - Pin and Unpin Message MM-T4865_1 - should be able to pin/unpin a message via post options on channel screen" time="28.95">
    </testcase>
    <testcase classname="Messaging - Pin and Unpin Message MM-T4865_2 - should be able to pin/unpin a message via post options on thread screen" name="Messaging - Pin and Unpin Message MM-T4865_2 - should be able to pin/unpin a message via post options on thread screen" time="30.096">
    </testcase>
  </testsuite>
  <testsuite name="Messaging - Save and Unsave Message" errors="0" failures="0" skipped="0" timestamp="2024-03-19T14:59:04" time="113.847" tests="2">
    <testcase classname="Messaging - Save and Unsave Message MM-T4864_1 - should be able to save/unsave a message via post options on channel screen" name="Messaging - Save and Unsave Message MM-T4864_1 - should be able to save/unsave a message via post options on channel screen" time="28.554">
    </testcase>
    <testcase classname="Messaging - Save and Unsave Message MM-T4864_2 - should be able to save/unsave a message via post options on thread screen" name="Messaging - Save and Unsave Message MM-T4864_2 - should be able to save/unsave a message via post options on thread screen" time="30.803">
    </testcase>
  </testsuite>
  <testsuite name="Search - Pinned Messages" errors="0" failures="0" skipped="0" timestamp="2024-03-19T15:00:58" time="271.395" tests="5">
    <testcase classname="Search - Pinned Messages MM-T4918_1 - should match elements on pinned messages screen" name="Search - Pinned Messages MM-T4918_1 - should match elements on pinned messages screen" time="11.482">
    </testcase>
    <testcase classname="Search - Pinned Messages MM-T4918_2 - should be able to display a pinned message in pinned messages screen and navigate to message channel" name="Search - Pinned Messages MM-T4918_2 - should be able to display a pinned message in pinned messages screen and navigate to message channel" time="29.957">
    </testcase>
    <testcase classname="Search - Pinned Messages MM-T4918_3 - should be able to edit, reply to, and delete a pinned message from pinned messages screen" name="Search - Pinned Messages MM-T4918_3 - should be able to edit, reply to, and delete a pinned message from pinned messages screen" time="69.196">
    </testcase>
    <testcase classname="Search - Pinned Messages MM-T4918_4 - should be able to unpin a message from pinned messages screen" name="Search - Pinned Messages MM-T4918_4 - should be able to unpin a message from pinned messages screen" time="38.361">
    </testcase>
    <testcase classname="Search - Pinned Messages MM-T4918_5 - should be able to save/unsave a pinned message from pinned messages screen" name="Search - Pinned Messages MM-T4918_5 - should be able to save/unsave a pinned message from pinned messages screen" time="67.397">
    </testcase>
  </testsuite>
  <testsuite name="Search - Recent Mentions" errors="0" failures="0" skipped="0" timestamp="2024-03-19T15:05:29" time="205.922" tests="5">
    <testcase classname="Search - Recent Mentions MM-T4909_1 - should match elements on recent mentions screen" name="Search - Recent Mentions MM-T4909_1 - should match elements on recent mentions screen" time="1.803">
    </testcase>
    <testcase classname="Search - Recent Mentions MM-T4909_2 - should be able to display a recent mention in recent mentions screen and navigate to message channel" name="Search - Recent Mentions MM-T4909_2 - should be able to display a recent mention in recent mentions screen and navigate to message channel" time="20.951">
    </testcase>
    <testcase classname="Search - Recent Mentions MM-T4909_3 - should be able to edit, reply to, and delete a recent mention from recent mentions screen" name="Search - Recent Mentions MM-T4909_3 - should be able to edit, reply to, and delete a recent mention from recent mentions screen" time="46.652">
    </testcase>
    <testcase classname="Search - Recent Mentions MM-T4909_4 - should be able to save/unsave a recent mention from recent mentions screen" name="Search - Recent Mentions MM-T4909_4 - should be able to save/unsave a recent mention from recent mentions screen" time="28.778">
    </testcase>
    <testcase classname="Search - Recent Mentions MM-T4909_5 - should be able to pin/unpin a recent mention from recent mentions screen" name="Search - Recent Mentions MM-T4909_5 - should be able to pin/unpin a recent mention from recent mentions screen" time="51.665">
    </testcase>
  </testsuite>
  <testsuite name="Search - Saved Messages" errors="0" failures="0" skipped="0" timestamp="2024-03-19T15:08:55" time="227.571" tests="5">
    <testcase classname="Search - Saved Messages MM-T4910_1 - should match elements on saved messages screen" name="Search - Saved Messages MM-T4910_1 - should match elements on saved messages screen" time="1.955">
    </testcase>
    <testcase classname="Search - Saved Messages MM-T4910_2 - should be able to display a saved message in saved messages screen and navigate to message channel" name="Search - Saved Messages MM-T4910_2 - should be able to display a saved message in saved messages screen and navigate to message channel" time="29.148">
    </testcase>
    <testcase classname="Search - Saved Messages MM-T4910_3 - should be able to edit, reply to, and delete a saved message from saved messages screen" name="Search - Saved Messages MM-T4910_3 - should be able to edit, reply to, and delete a saved message from saved messages screen" time="53.387">
    </testcase>
    <testcase classname="Search - Saved Messages MM-T4910_4 - should be able to unsave a message from saved messages screen" name="Search - Saved Messages MM-T4910_4 - should be able to unsave a message from saved messages screen" time="26.811">
    </testcase>
    <testcase classname="Search - Saved Messages MM-T4910_5 - should be able to pin/unpin a saved message from saved messages screen" name="Search - Saved Messages MM-T4910_5 - should be able to pin/unpin a saved message from saved messages screen" time="59.509">
    </testcase>
  </testsuite>
</testsuites>