<?xml version="1.0" encoding="UTF-8"?>
<testsuites name="Mobile App E2E with Detox and Jest" tests="23" failures="12" errors="0" time="693.515">
  <testsuite name="Account - Settings - About" errors="0" failures="0" skipped="0" timestamp="2024-03-19T14:45:22" time="332.095" tests="1">
    <testcase classname="Account - Settings - About MM-T5104_1 - should match elements on about screen" name="Account - Settings - About MM-T5104_1 - should match elements on about screen" time="20.625">
    </testcase>
  </testsuite>
  <testsuite name="Account - Account Menu" errors="0" failures="0" skipped="0" timestamp="2024-03-19T14:50:55" time="96.75" tests="5">
    <testcase classname="Account - Account Menu MM-T4988_1 - should match elements on account screen" name="Account - Account Menu MM-T4988_1 - should match elements on account screen" time="1.288">
    </testcase>
    <testcase classname="Account - Account Menu MM-T4988_2 - should be able to set user presence" name="Account - Account Menu MM-T4988_2 - should be able to set user presence" time="19.712">
    </testcase>
    <testcase classname="Account - Account Menu MM-T4988_3 - should be able to go to custom status screen" name="Account - Account Menu MM-T4988_3 - should be able to go to custom status screen" time="2.987">
    </testcase>
    <testcase classname="Account - Account Menu MM-T4988_4 - should be able to go to edit profile screen" name="Account - Account Menu MM-T4988_4 - should be able to go to edit profile screen" time="2.81">
    </testcase>
    <testcase classname="Account - Account Menu MM-T4988_5 - should be able to go to settings screen" name="Account - Account Menu MM-T4988_5 - should be able to go to settings screen" time="2.845">
    </testcase>
  </testsuite>
  <testsuite name="Account - Settings - Advanced Settings" errors="0" failures="0" skipped="0" timestamp="2024-03-19T14:52:32" time="66.589" tests="1">
    <testcase classname="Account - Settings - Advanced Settings MM-T5103_1 - should match elements on advanced settings screen" name="Account - Settings - Advanced Settings MM-T5103_1 - should match elements on advanced settings screen" time="0.322">
    </testcase>
  </testsuite>
  <testsuite name="Account - Settings - Auto-Responder Notification Settings" errors="0" failures="0" skipped="0" timestamp="2024-03-19T14:53:38" time="89.78" tests="2">
    <testcase classname="Account - Settings - Auto-Responder Notification Settings MM-T5110_1 - should match elements on auto-responder notification settings screen" name="Account - Settings - Auto-Responder Notification Settings MM-T5110_1 - should match elements on auto-responder notification settings screen" time="0.418">
    </testcase>
    <testcase classname="Account - Settings - Auto-Responder Notification Settings MM-T5110_2 - should be able to change auto-responder notification settings and save by tapping navigation back button" name="Account - Settings - Auto-Responder Notification Settings MM-T5110_2 - should be able to change auto-responder notification settings and save by tapping navigation back button" time="16.433">
    </testcase>
  </testsuite>
  <testsuite name="Account - Settings - Clock Display Settings" errors="0" failures="0" skipped="0" timestamp="2024-03-19T14:55:08" time="76.553" tests="2">
    <testcase classname="Account - Settings - Clock Display Settings MM-T5112_1 - should match elements on clock display settings screen" name="Account - Settings - Clock Display Settings MM-T5112_1 - should match elements on clock display settings screen" time="0.472">
    </testcase>
    <testcase classname="Account - Settings - Clock Display Settings MM-T5112_2 - should be able to select a clock display and save by tapping navigation back button" name="Account - Settings - Clock Display Settings MM-T5112_2 - should be able to select a clock display and save by tapping navigation back button" time="8.228">
    </testcase>
  </testsuite>
  <testsuite name="Account - Custom Status" errors="0" failures="4" skipped="0" timestamp="2024-03-19T14:56:25" time="7.603" tests="4">
    <testcase classname="Account - Custom Status MM-T4990_1 - should match elements on custom status screen" name="Account - Custom Status MM-T4990_1 - should match elements on custom status screen" time="0.003">
      <failure>TypeError: Cannot read properties of undefined (reading &apos;status&apos;)
    at Object.apiCheckSystemHealth (/Users/runner/work/mattermost-mobile/mattermost-mobile/detox/e2e/support/server_api/system.ts:31:21)
    at processTicksAndRejections (node:internal/process/task_queues:95:5)
    at Object.&lt;anonymous&gt; (/Users/runner/work/mattermost-mobile/mattermost-mobile/detox/e2e/test/setup.ts:9:5)</failure>
      <failure>TypeError: Cannot read properties of undefined (reading &apos;id&apos;)
    at Object.apiInit (/Users/runner/work/mattermost-mobile/mattermost-mobile/detox/e2e/support/server_api/setup.ts:20:96)
    at processTicksAndRejections (node:internal/process/task_queues:95:5)
    at Object.&lt;anonymous&gt; (/Users/runner/work/mattermost-mobile/mattermost-mobile/detox/e2e/test/account/custom_status.e2e.ts:31:24)</failure>
    </testcase>
    <testcase classname="Account - Custom Status MM-T4990_2 - should be able to set a status via suggestions" name="Account - Custom Status MM-T4990_2 - should be able to set a status via suggestions" time="0">
      <failure>TypeError: Cannot read properties of undefined (reading &apos;status&apos;)
    at Object.apiCheckSystemHealth (/Users/runner/work/mattermost-mobile/mattermost-mobile/detox/e2e/support/server_api/system.ts:31:21)
    at processTicksAndRejections (node:internal/process/task_queues:95:5)
    at Object.&lt;anonymous&gt; (/Users/runner/work/mattermost-mobile/mattermost-mobile/detox/e2e/test/setup.ts:9:5)</failure>
      <failure>TypeError: Cannot read properties of undefined (reading &apos;id&apos;)
    at Object.apiInit (/Users/runner/work/mattermost-mobile/mattermost-mobile/detox/e2e/support/server_api/setup.ts:20:96)
    at processTicksAndRejections (node:internal/process/task_queues:95:5)
    at Object.&lt;anonymous&gt; (/Users/runner/work/mattermost-mobile/mattermost-mobile/detox/e2e/test/account/custom_status.e2e.ts:31:24)</failure>
    </testcase>
    <testcase classname="Account - Custom Status MM-T4990_3 - should be able to set a status via emoji picker and custom status" name="Account - Custom Status MM-T4990_3 - should be able to set a status via emoji picker and custom status" time="0.001">
      <failure>TypeError: Cannot read properties of undefined (reading &apos;status&apos;)
    at Object.apiCheckSystemHealth (/Users/runner/work/mattermost-mobile/mattermost-mobile/detox/e2e/support/server_api/system.ts:31:21)
    at processTicksAndRejections (node:internal/process/task_queues:95:5)
    at Object.&lt;anonymous&gt; (/Users/runner/work/mattermost-mobile/mattermost-mobile/detox/e2e/test/setup.ts:9:5)</failure>
      <failure>TypeError: Cannot read properties of undefined (reading &apos;id&apos;)
    at Object.apiInit (/Users/runner/work/mattermost-mobile/mattermost-mobile/detox/e2e/support/server_api/setup.ts:20:96)
    at processTicksAndRejections (node:internal/process/task_queues:95:5)
    at Object.&lt;anonymous&gt; (/Users/runner/work/mattermost-mobile/mattermost-mobile/detox/e2e/test/account/custom_status.e2e.ts:31:24)</failure>
    </testcase>
    <testcase classname="Account - Custom Status MM-T4990_4 - should be able to clear custom status from account" name="Account - Custom Status MM-T4990_4 - should be able to clear custom status from account" time="0">
      <failure>TypeError: Cannot read properties of undefined (reading &apos;status&apos;)
    at Object.apiCheckSystemHealth (/Users/runner/work/mattermost-mobile/mattermost-mobile/detox/e2e/support/server_api/system.ts:31:21)
    at processTicksAndRejections (node:internal/process/task_queues:95:5)
    at Object.&lt;anonymous&gt; (/Users/runner/work/mattermost-mobile/mattermost-mobile/detox/e2e/test/setup.ts:9:5)</failure>
      <failure>TypeError: Cannot read properties of undefined (reading &apos;id&apos;)
    at Object.apiInit (/Users/runner/work/mattermost-mobile/mattermost-mobile/detox/e2e/support/server_api/setup.ts:20:96)
    at processTicksAndRejections (node:internal/process/task_queues:95:5)
    at Object.&lt;anonymous&gt; (/Users/runner/work/mattermost-mobile/mattermost-mobile/detox/e2e/test/account/custom_status.e2e.ts:31:24)</failure>
    </testcase>
    <testcase classname=" Test execution failure: could be caused by test hooks like &apos;afterAll&apos;." name=" Test execution failure: could be caused by test hooks like &apos;afterAll&apos;." time="0">
      <failure>{&quot;message&quot;:&quot;&quot;,&quot;stack&quot;:&quot;Detox can&apos;t seem to connect to the test app(s)!\n\nHINT: \n\nHave you forgotten to call &apos;device.launchApp()&apos; in the beginning of your test?\nRefer to our troubleshooting guide, for full details: https://wix.github.io/Detox/docs/troubleshooting/running-tests#tests-execution-hangs\n\n---\nThe following package could not be delivered:\n\n{\n  type: &apos;invoke&apos;,\n  params: [Object],\n  messageId: 1\n}\n    at AccountScreen.open (/Users/runner/work/mattermost-mobile/mattermost-mobile/detox/e2e/support/ui/screen/account.ts:84:60)\n    at HomeScreen.logout (/Users/runner/work/mattermost-mobile/mattermost-mobile/detox/e2e/support/ui/screen/home.ts:40:29)\n    at Object.&lt;anonymous&gt; (/Users/runner/work/mattermost-mobile/mattermost-mobile/detox/e2e/test/account/custom_status.e2e.ts:47:26)\n    at Promise.then.completed (/Users/runner/work/mattermost-mobile/mattermost-mobile/detox/node_modules/jest-circus/build/utils.js:298:28)\n    at new Promise (&lt;anonymous&gt;)\n    at callAsyncCircusFn (/Users/runner/work/mattermost-mobile/mattermost-mobile/detox/node_modules/jest-circus/build/utils.js:231:10)\n    at _callCircusHook (/Users/runner/work/mattermost-mobile/mattermost-mobile/detox/node_modules/jest-circus/build/run.js:281:40)\n    at processTicksAndRejections (node:internal/process/task_queues:95:5)\n    at _runTestsForDescribeBlock (/Users/runner/work/mattermost-mobile/mattermost-mobile/detox/node_modules/jest-circus/build/run.js:154:7)\n    at _runTestsForDescribeBlock (/Users/runner/work/mattermost-mobile/mattermost-mobile/detox/node_modules/jest-circus/build/run.js:121:9)\n    at run (/Users/runner/work/mattermost-mobile/mattermost-mobile/detox/node_modules/jest-circus/build/run.js:71:3)\n    at runAndTransformResultsToJestFormat (/Users/runner/work/mattermost-mobile/mattermost-mobile/detox/node_modules/jest-circus/build/legacy-code-todo-rewrite/jestAdapterInit.js:122:21)\n    at jestAdapter (/Users/runner/work/mattermost-mobile/mattermost-mobile/detox/node_modules/jest-circus/build/legacy-code-todo-rewrite/jestAdapter.js:79:19)\n    at runTestInternal (/Users/runner/work/mattermost-mobile/mattermost-mobile/detox/node_modules/jest-runner/build/runTest.js:367:16)\n    at runTest (/Users/runner/work/mattermost-mobile/mattermost-mobile/detox/node_modules/jest-runner/build/runTest.js:444:34)&quot;}</failure>
    </testcase>
  </testsuite>
  <testsuite name="Account - Settings - Display Settings" errors="0" failures="4" skipped="0" timestamp="2024-03-19T14:56:32" time="7.838" tests="4">
    <testcase classname="Account - Settings - Display Settings MM-T5102_1 - should match elements on display settings screen" name="Account - Settings - Display Settings MM-T5102_1 - should match elements on display settings screen" time="0.001">
      <failure>TypeError: Cannot read properties of undefined (reading &apos;status&apos;)
    at Object.apiCheckSystemHealth (/Users/runner/work/mattermost-mobile/mattermost-mobile/detox/e2e/support/server_api/system.ts:31:21)
    at processTicksAndRejections (node:internal/process/task_queues:95:5)
    at Object.&lt;anonymous&gt; (/Users/runner/work/mattermost-mobile/mattermost-mobile/detox/e2e/test/setup.ts:9:5)</failure>
      <failure>TypeError: Cannot read properties of undefined (reading &apos;id&apos;)
    at Object.apiInit (/Users/runner/work/mattermost-mobile/mattermost-mobile/detox/e2e/support/server_api/setup.ts:20:96)
    at processTicksAndRejections (node:internal/process/task_queues:95:5)
    at Object.&lt;anonymous&gt; (/Users/runner/work/mattermost-mobile/mattermost-mobile/detox/e2e/test/account/display_settings.e2e.ts:33:24)</failure>
    </testcase>
    <testcase classname="Account - Settings - Display Settings MM-T5102_2 - should be able to go to theme display settings screen" name="Account - Settings - Display Settings MM-T5102_2 - should be able to go to theme display settings screen" time="0">
      <failure>TypeError: Cannot read properties of undefined (reading &apos;status&apos;)
    at Object.apiCheckSystemHealth (/Users/runner/work/mattermost-mobile/mattermost-mobile/detox/e2e/support/server_api/system.ts:31:21)
    at processTicksAndRejections (node:internal/process/task_queues:95:5)
    at Object.&lt;anonymous&gt; (/Users/runner/work/mattermost-mobile/mattermost-mobile/detox/e2e/test/setup.ts:9:5)</failure>
      <failure>TypeError: Cannot read properties of undefined (reading &apos;id&apos;)
    at Object.apiInit (/Users/runner/work/mattermost-mobile/mattermost-mobile/detox/e2e/support/server_api/setup.ts:20:96)
    at processTicksAndRejections (node:internal/process/task_queues:95:5)
    at Object.&lt;anonymous&gt; (/Users/runner/work/mattermost-mobile/mattermost-mobile/detox/e2e/test/account/display_settings.e2e.ts:33:24)</failure>
    </testcase>
    <testcase classname="Account - Settings - Display Settings MM-T5102_3 - should be able to go to clock display settings screen" name="Account - Settings - Display Settings MM-T5102_3 - should be able to go to clock display settings screen" time="0">
      <failure>TypeError: Cannot read properties of undefined (reading &apos;status&apos;)
    at Object.apiCheckSystemHealth (/Users/runner/work/mattermost-mobile/mattermost-mobile/detox/e2e/support/server_api/system.ts:31:21)
    at processTicksAndRejections (node:internal/process/task_queues:95:5)
    at Object.&lt;anonymous&gt; (/Users/runner/work/mattermost-mobile/mattermost-mobile/detox/e2e/test/setup.ts:9:5)</failure>
      <failure>TypeError: Cannot read properties of undefined (reading &apos;id&apos;)
    at Object.apiInit (/Users/runner/work/mattermost-mobile/mattermost-mobile/detox/e2e/support/server_api/setup.ts:20:96)
    at processTicksAndRejections (node:internal/process/task_queues:95:5)
    at Object.&lt;anonymous&gt; (/Users/runner/work/mattermost-mobile/mattermost-mobile/detox/e2e/test/account/display_settings.e2e.ts:33:24)</failure>
    </testcase>
    <testcase classname="Account - Settings - Display Settings MM-T5102_4 - should be able to go to timezone display settings screen" name="Account - Settings - Display Settings MM-T5102_4 - should be able to go to timezone display settings screen" time="0.001">
      <failure>TypeError: Cannot read properties of undefined (reading &apos;status&apos;)
    at Object.apiCheckSystemHealth (/Users/runner/work/mattermost-mobile/mattermost-mobile/detox/e2e/support/server_api/system.ts:31:21)
    at processTicksAndRejections (node:internal/process/task_queues:95:5)
    at Object.&lt;anonymous&gt; (/Users/runner/work/mattermost-mobile/mattermost-mobile/detox/e2e/test/setup.ts:9:5)</failure>
      <failure>TypeError: Cannot read properties of undefined (reading &apos;id&apos;)
    at Object.apiInit (/Users/runner/work/mattermost-mobile/mattermost-mobile/detox/e2e/support/server_api/setup.ts:20:96)
    at processTicksAndRejections (node:internal/process/task_queues:95:5)
    at Object.&lt;anonymous&gt; (/Users/runner/work/mattermost-mobile/mattermost-mobile/detox/e2e/test/account/display_settings.e2e.ts:33:24)</failure>
    </testcase>
    <testcase classname=" Test execution failure: could be caused by test hooks like &apos;afterAll&apos;." name=" Test execution failure: could be caused by test hooks like &apos;afterAll&apos;." time="0">
      <failure>{&quot;message&quot;:&quot;&quot;,&quot;stack&quot;:&quot;Detox can&apos;t seem to connect to the test app(s)!\n\nHINT: \n\nHave you forgotten to call &apos;device.launchApp()&apos; in the beginning of your test?\nRefer to our troubleshooting guide, for full details: https://wix.github.io/Detox/docs/troubleshooting/running-tests#tests-execution-hangs\n\n---\nThe following package could not be delivered:\n\n{\n  type: &apos;invoke&apos;,\n  params: [Object],\n  messageId: 1\n}\n    at DisplaySettingsScreen.back (/Users/runner/work/mattermost-mobile/mattermost-mobile/detox/e2e/support/ui/screen/display_settings.ts:45:31)\n    at Object.&lt;anonymous&gt; (/Users/runner/work/mattermost-mobile/mattermost-mobile/detox/e2e/test/account/display_settings.e2e.ts:51:37)\n    at Promise.then.completed (/Users/runner/work/mattermost-mobile/mattermost-mobile/detox/node_modules/jest-circus/build/utils.js:298:28)\n    at new Promise (&lt;anonymous&gt;)\n    at callAsyncCircusFn (/Users/runner/work/mattermost-mobile/mattermost-mobile/detox/node_modules/jest-circus/build/utils.js:231:10)\n    at _callCircusHook (/Users/runner/work/mattermost-mobile/mattermost-mobile/detox/node_modules/jest-circus/build/run.js:281:40)\n    at processTicksAndRejections (node:internal/process/task_queues:95:5)\n    at _runTestsForDescribeBlock (/Users/runner/work/mattermost-mobile/mattermost-mobile/detox/node_modules/jest-circus/build/run.js:154:7)\n    at _runTestsForDescribeBlock (/Users/runner/work/mattermost-mobile/mattermost-mobile/detox/node_modules/jest-circus/build/run.js:121:9)\n    at run (/Users/runner/work/mattermost-mobile/mattermost-mobile/detox/node_modules/jest-circus/build/run.js:71:3)\n    at runAndTransformResultsToJestFormat (/Users/runner/work/mattermost-mobile/mattermost-mobile/detox/node_modules/jest-circus/build/legacy-code-todo-rewrite/jestAdapterInit.js:122:21)\n    at jestAdapter (/Users/runner/work/mattermost-mobile/mattermost-mobile/detox/node_modules/jest-circus/build/legacy-code-todo-rewrite/jestAdapter.js:79:19)\n    at runTestInternal (/Users/runner/work/mattermost-mobile/mattermost-mobile/detox/node_modules/jest-runner/build/runTest.js:367:16)\n    at runTest (/Users/runner/work/mattermost-mobile/mattermost-mobile/detox/node_modules/jest-runner/build/runTest.js:444:34)&quot;}</failure>
    </testcase>
  </testsuite>
  <testsuite name="Account - Edit Profile" errors="0" failures="2" skipped="0" timestamp="2024-03-19T14:56:40" time="8.015" tests="2">
    <testcase classname="Account - Edit Profile MM-T4989_1 - should match elements on edit profile screen" name="Account - Edit Profile MM-T4989_1 - should match elements on edit profile screen" time="0.001">
      <failure>TypeError: Cannot read properties of undefined (reading &apos;status&apos;)
    at Object.apiCheckSystemHealth (/Users/runner/work/mattermost-mobile/mattermost-mobile/detox/e2e/support/server_api/system.ts:31:21)
    at processTicksAndRejections (node:internal/process/task_queues:95:5)
    at Object.&lt;anonymous&gt; (/Users/runner/work/mattermost-mobile/mattermost-mobile/detox/e2e/test/setup.ts:9:5)</failure>
      <failure>TypeError: Cannot read properties of undefined (reading &apos;id&apos;)
    at Object.apiInit (/Users/runner/work/mattermost-mobile/mattermost-mobile/detox/e2e/support/server_api/setup.ts:20:96)
    at processTicksAndRejections (node:internal/process/task_queues:95:5)
    at Object.&lt;anonymous&gt; (/Users/runner/work/mattermost-mobile/mattermost-mobile/detox/e2e/test/account/edit_profile.e2e.ts:30:24)</failure>
    </testcase>
    <testcase classname="Account - Edit Profile MM-T4989_2 - should be able to edit profile and save" name="Account - Edit Profile MM-T4989_2 - should be able to edit profile and save" time="0">
      <failure>TypeError: Cannot read properties of undefined (reading &apos;status&apos;)
    at Object.apiCheckSystemHealth (/Users/runner/work/mattermost-mobile/mattermost-mobile/detox/e2e/support/server_api/system.ts:31:21)
    at processTicksAndRejections (node:internal/process/task_queues:95:5)
    at Object.&lt;anonymous&gt; (/Users/runner/work/mattermost-mobile/mattermost-mobile/detox/e2e/test/setup.ts:9:5)</failure>
      <failure>TypeError: Cannot read properties of undefined (reading &apos;id&apos;)
    at Object.apiInit (/Users/runner/work/mattermost-mobile/mattermost-mobile/detox/e2e/support/server_api/setup.ts:20:96)
    at processTicksAndRejections (node:internal/process/task_queues:95:5)
    at Object.&lt;anonymous&gt; (/Users/runner/work/mattermost-mobile/mattermost-mobile/detox/e2e/test/account/edit_profile.e2e.ts:30:24)</failure>
    </testcase>
    <testcase classname=" Test execution failure: could be caused by test hooks like &apos;afterAll&apos;." name=" Test execution failure: could be caused by test hooks like &apos;afterAll&apos;." time="0">
      <failure>{&quot;message&quot;:&quot;&quot;,&quot;stack&quot;:&quot;Detox can&apos;t seem to connect to the test app(s)!\n\nHINT: \n\nHave you forgotten to call &apos;device.launchApp()&apos; in the beginning of your test?\nRefer to our troubleshooting guide, for full details: https://wix.github.io/Detox/docs/troubleshooting/running-tests#tests-execution-hangs\n\n---\nThe following package could not be delivered:\n\n{\n  type: &apos;invoke&apos;,\n  params: [Object],\n  messageId: 1\n}\n    at AccountScreen.open (/Users/runner/work/mattermost-mobile/mattermost-mobile/detox/e2e/support/ui/screen/account.ts:84:60)\n    at HomeScreen.logout (/Users/runner/work/mattermost-mobile/mattermost-mobile/detox/e2e/support/ui/screen/home.ts:40:29)\n    at Object.&lt;anonymous&gt; (/Users/runner/work/mattermost-mobile/mattermost-mobile/detox/e2e/test/account/edit_profile.e2e.ts:46:26)\n    at Promise.then.completed (/Users/runner/work/mattermost-mobile/mattermost-mobile/detox/node_modules/jest-circus/build/utils.js:298:28)\n    at new Promise (&lt;anonymous&gt;)\n    at callAsyncCircusFn (/Users/runner/work/mattermost-mobile/mattermost-mobile/detox/node_modules/jest-circus/build/utils.js:231:10)\n    at _callCircusHook (/Users/runner/work/mattermost-mobile/mattermost-mobile/detox/node_modules/jest-circus/build/run.js:281:40)\n    at processTicksAndRejections (node:internal/process/task_queues:95:5)\n    at _runTestsForDescribeBlock (/Users/runner/work/mattermost-mobile/mattermost-mobile/detox/node_modules/jest-circus/build/run.js:154:7)\n    at _runTestsForDescribeBlock (/Users/runner/work/mattermost-mobile/mattermost-mobile/detox/node_modules/jest-circus/build/run.js:121:9)\n    at run (/Users/runner/work/mattermost-mobile/mattermost-mobile/detox/node_modules/jest-circus/build/run.js:71:3)\n    at runAndTransformResultsToJestFormat (/Users/runner/work/mattermost-mobile/mattermost-mobile/detox/node_modules/jest-circus/build/legacy-code-todo-rewrite/jestAdapterInit.js:122:21)\n    at jestAdapter (/Users/runner/work/mattermost-mobile/mattermost-mobile/detox/node_modules/jest-circus/build/legacy-code-todo-rewrite/jestAdapter.js:79:19)\n    at runTestInternal (/Users/runner/work/mattermost-mobile/mattermost-mobile/detox/node_modules/jest-runner/build/runTest.js:367:16)\n    at runTest (/Users/runner/work/mattermost-mobile/mattermost-mobile/detox/node_modules/jest-runner/build/runTest.js:444:34)&quot;}</failure>
    </testcase>
  </testsuite>
  <testsuite name="Account - Settings - Email Notification Settings" errors="0" failures="2" skipped="0" timestamp="2024-03-19T14:56:48" time="7.601" tests="2">
    <testcase classname="Account - Settings - Email Notification Settings MM-T5109_1 - should match elements on email notification settings screen" name="Account - Settings - Email Notification Settings MM-T5109_1 - should match elements on email notification settings screen" time="0.002">
      <failure>TypeError: Cannot read properties of undefined (reading &apos;status&apos;)
    at Object.apiCheckSystemHealth (/Users/runner/work/mattermost-mobile/mattermost-mobile/detox/e2e/support/server_api/system.ts:31:21)
    at processTicksAndRejections (node:internal/process/task_queues:95:5)
    at Object.&lt;anonymous&gt; (/Users/runner/work/mattermost-mobile/mattermost-mobile/detox/e2e/test/setup.ts:9:5)</failure>
      <failure>TypeError: Cannot read properties of undefined (reading &apos;id&apos;)
    at Object.apiInit (/Users/runner/work/mattermost-mobile/mattermost-mobile/detox/e2e/support/server_api/setup.ts:20:96)
    at processTicksAndRejections (node:internal/process/task_queues:95:5)
    at Object.&lt;anonymous&gt; (/Users/runner/work/mattermost-mobile/mattermost-mobile/detox/e2e/test/account/email_notification_settings.e2e.ts:31:24)</failure>
    </testcase>
    <testcase classname="Account - Settings - Email Notification Settings MM-T5109_2 - should be able to change email notification settings and save by tapping navigation back button" name="Account - Settings - Email Notification Settings MM-T5109_2 - should be able to change email notification settings and save by tapping navigation back button" time="0.001">
      <failure>TypeError: Cannot read properties of undefined (reading &apos;status&apos;)
    at Object.apiCheckSystemHealth (/Users/runner/work/mattermost-mobile/mattermost-mobile/detox/e2e/support/server_api/system.ts:31:21)
    at processTicksAndRejections (node:internal/process/task_queues:95:5)
    at Object.&lt;anonymous&gt; (/Users/runner/work/mattermost-mobile/mattermost-mobile/detox/e2e/test/setup.ts:9:5)</failure>
      <failure>TypeError: Cannot read properties of undefined (reading &apos;id&apos;)
    at Object.apiInit (/Users/runner/work/mattermost-mobile/mattermost-mobile/detox/e2e/support/server_api/setup.ts:20:96)
    at processTicksAndRejections (node:internal/process/task_queues:95:5)
    at Object.&lt;anonymous&gt; (/Users/runner/work/mattermost-mobile/mattermost-mobile/detox/e2e/test/account/email_notification_settings.e2e.ts:31:24)</failure>
    </testcase>
    <testcase classname=" Test execution failure: could be caused by test hooks like &apos;afterAll&apos;." name=" Test execution failure: could be caused by test hooks like &apos;afterAll&apos;." time="0">
      <failure>{&quot;message&quot;:&quot;&quot;,&quot;stack&quot;:&quot;Detox can&apos;t seem to connect to the test app(s)!\n\nHINT: \n\nHave you forgotten to call &apos;device.launchApp()&apos; in the beginning of your test?\nRefer to our troubleshooting guide, for full details: https://wix.github.io/Detox/docs/troubleshooting/running-tests#tests-execution-hangs\n\n---\nThe following package could not be delivered:\n\n{\n  type: &apos;invoke&apos;,\n  params: [Object],\n  messageId: 1\n}\n    at EmailNotificationSettingsScreen.back (/Users/runner/work/mattermost-mobile/mattermost-mobile/detox/e2e/support/ui/screen/email_notification_settings.ts:53:31)\n    at Object.&lt;anonymous&gt; (/Users/runner/work/mattermost-mobile/mattermost-mobile/detox/e2e/test/account/email_notification_settings.e2e.ts:50:47)\n    at Promise.then.completed (/Users/runner/work/mattermost-mobile/mattermost-mobile/detox/node_modules/jest-circus/build/utils.js:298:28)\n    at new Promise (&lt;anonymous&gt;)\n    at callAsyncCircusFn (/Users/runner/work/mattermost-mobile/mattermost-mobile/detox/node_modules/jest-circus/build/utils.js:231:10)\n    at _callCircusHook (/Users/runner/work/mattermost-mobile/mattermost-mobile/detox/node_modules/jest-circus/build/run.js:281:40)\n    at processTicksAndRejections (node:internal/process/task_queues:95:5)\n    at _runTestsForDescribeBlock (/Users/runner/work/mattermost-mobile/mattermost-mobile/detox/node_modules/jest-circus/build/run.js:154:7)\n    at _runTestsForDescribeBlock (/Users/runner/work/mattermost-mobile/mattermost-mobile/detox/node_modules/jest-circus/build/run.js:121:9)\n    at run (/Users/runner/work/mattermost-mobile/mattermost-mobile/detox/node_modules/jest-circus/build/run.js:71:3)\n    at runAndTransformResultsToJestFormat (/Users/runner/work/mattermost-mobile/mattermost-mobile/detox/node_modules/jest-circus/build/legacy-code-todo-rewrite/jestAdapterInit.js:122:21)\n    at jestAdapter (/Users/runner/work/mattermost-mobile/mattermost-mobile/detox/node_modules/jest-circus/build/legacy-code-todo-rewrite/jestAdapter.js:79:19)\n    at runTestInternal (/Users/runner/work/mattermost-mobile/mattermost-mobile/detox/node_modules/jest-runner/build/runTest.js:367:16)\n    at runTest (/Users/runner/work/mattermost-mobile/mattermost-mobile/detox/node_modules/jest-runner/build/runTest.js:444:34)&quot;}</failure>
    </testcase>
  </testsuite>
</testsuites>