<?xml version="1.0" encoding="UTF-8"?>
<testsuites name="Mobile App E2E with Detox and Jest" tests="42" failures="20" errors="0" time="760.763">
  <testsuite name="Autocomplete - Create Channel" errors="0" failures="0" skipped="0" timestamp="2024-03-19T14:45:27" time="304.144" tests="4">
    <testcase classname="Autocomplete - Create Channel MM-T4904_1 - should render at-mention autocomplete in header input" name="Autocomplete - Create Channel MM-T4904_1 - should render at-mention autocomplete in header input" time="7.086">
    </testcase>
    <testcase classname="Autocomplete - Create Channel MM-T4904_2 - should render channel mention autocomplete in header input" name="Autocomplete - Create Channel MM-T4904_2 - should render channel mention autocomplete in header input" time="2.642">
    </testcase>
    <testcase classname="Autocomplete - Create Channel MM-T4904_3 - should render emoji suggestion autocomplete in header input" name="Autocomplete - Create Channel MM-T4904_3 - should render emoji suggestion autocomplete in header input" time="1.651">
    </testcase>
    <testcase classname="Autocomplete - Create Channel MM-T4904_4 - should not render slash suggestion autocomplete in header input" name="Autocomplete - Create Channel MM-T4904_4 - should not render slash suggestion autocomplete in header input" time="0.654">
    </testcase>
  </testsuite>
  <testsuite name="Autocomplete - Edit Channel" errors="0" failures="0" skipped="0" timestamp="2024-03-19T14:50:31" time="90.4" tests="4">
    <testcase classname="Autocomplete - Edit Channel MM-T4885_1 - should render at-mention autocomplete in header input" name="Autocomplete - Edit Channel MM-T4885_1 - should render at-mention autocomplete in header input" time="2.92">
    </testcase>
    <testcase classname="Autocomplete - Edit Channel MM-T4885_2 - should render channel mention autocomplete in header input" name="Autocomplete - Edit Channel MM-T4885_2 - should render channel mention autocomplete in header input" time="1.669">
    </testcase>
    <testcase classname="Autocomplete - Edit Channel MM-T4885_3 - should render emoji suggestion autocomplete in header input" name="Autocomplete - Edit Channel MM-T4885_3 - should render emoji suggestion autocomplete in header input" time="1.593">
    </testcase>
    <testcase classname="Autocomplete - Edit Channel MM-T4885_4 - should not render slash suggestion autocomplete in header input" name="Autocomplete - Edit Channel MM-T4885_4 - should not render slash suggestion autocomplete in header input" time="0.562">
    </testcase>
  </testsuite>
  <testsuite name="Autocomplete - Edit Channel Header" errors="0" failures="0" skipped="0" timestamp="2024-03-19T14:52:01" time="84.121" tests="4">
    <testcase classname="Autocomplete - Edit Channel Header MM-T4884_1 - should render at-mention autocomplete in header input" name="Autocomplete - Edit Channel Header MM-T4884_1 - should render at-mention autocomplete in header input" time="3.844">
    </testcase>
    <testcase classname="Autocomplete - Edit Channel Header MM-T4884_2 - should render channel mention autocomplete in header input" name="Autocomplete - Edit Channel Header MM-T4884_2 - should render channel mention autocomplete in header input" time="1.465">
    </testcase>
    <testcase classname="Autocomplete - Edit Channel Header MM-T4884_3 - should render emoji suggestion autocomplete in header input" name="Autocomplete - Edit Channel Header MM-T4884_3 - should render emoji suggestion autocomplete in header input" time="1.538">
    </testcase>
    <testcase classname="Autocomplete - Edit Channel Header MM-T4884_4 - should not render slash suggestion autocomplete in header input" name="Autocomplete - Edit Channel Header MM-T4884_4 - should not render slash suggestion autocomplete in header input" time="0.543">
    </testcase>
  </testsuite>
  <testsuite name="Autocomplete - Edit Post" errors="0" failures="0" skipped="0" timestamp="2024-03-19T14:53:25" time="96.458" tests="4">
    <testcase classname="Autocomplete - Edit Post MM-T4883_1 - should render at-mention autocomplete in message input" name="Autocomplete - Edit Post MM-T4883_1 - should render at-mention autocomplete in message input" time="1.271">
    </testcase>
    <testcase classname="Autocomplete - Edit Post MM-T4883_2 - should render channel mention autocomplete in message input" name="Autocomplete - Edit Post MM-T4883_2 - should render channel mention autocomplete in message input" time="1.223">
    </testcase>
    <testcase classname="Autocomplete - Edit Post MM-T4883_3 - should render emoji suggestion autocomplete in message input" name="Autocomplete - Edit Post MM-T4883_3 - should render emoji suggestion autocomplete in message input" time="1.76">
    </testcase>
    <testcase classname="Autocomplete - Edit Post MM-T4883_4 - should not render slash suggestion autocomplete in message input" name="Autocomplete - Edit Post MM-T4883_4 - should not render slash suggestion autocomplete in message input" time="1.153">
    </testcase>
  </testsuite>
  <testsuite name="Autocomplete - Emoji Suggestion" errors="0" failures="0" skipped="0" timestamp="2024-03-19T14:55:02" time="98.717" tests="6">
    <testcase classname="Autocomplete - Emoji Suggestion MM-T4880_1 - should suggest emoji based on emoji name" name="Autocomplete - Emoji Suggestion MM-T4880_1 - should suggest emoji based on emoji name" time="6.296">
    </testcase>
    <testcase classname="Autocomplete - Emoji Suggestion MM-T4880_2 - should suggest emoji based on uppercase emoji name" name="Autocomplete - Emoji Suggestion MM-T4880_2 - should suggest emoji based on uppercase emoji name" time="5.463">
    </testcase>
    <testcase classname="Autocomplete - Emoji Suggestion MM-T4880_3 - should suggest emoji based on partial emoji name" name="Autocomplete - Emoji Suggestion MM-T4880_3 - should suggest emoji based on partial emoji name" time="4.916">
    </testcase>
    <testcase classname="Autocomplete - Emoji Suggestion MM-T4880_4 - should stop suggesting emoji after emoji name with trailing space" name="Autocomplete - Emoji Suggestion MM-T4880_4 - should stop suggesting emoji after emoji name with trailing space" time="6.765">
    </testcase>
    <testcase classname="Autocomplete - Emoji Suggestion MM-T4880_5 - should stop suggesting emoji when keyword is not associated with any emoji" name="Autocomplete - Emoji Suggestion MM-T4880_5 - should stop suggesting emoji when keyword is not associated with any emoji" time="5.28">
    </testcase>
    <testcase classname="Autocomplete - Emoji Suggestion MM-T4880_6 - should be able to select emoji suggestion multiple times" name="Autocomplete - Emoji Suggestion MM-T4880_6 - should be able to select emoji suggestion multiple times" time="6.954">
    </testcase>
  </testsuite>
  <testsuite name="Autocomplete - Slash Suggestion" errors="0" failures="6" skipped="0" timestamp="2024-03-19T14:56:41" time="9.721" tests="6">
    <testcase classname="Autocomplete - Slash Suggestion MM-T4881_1 - should suggest slash command based on slash command name" name="Autocomplete - Slash Suggestion MM-T4881_1 - should suggest slash command based on slash command name" time="0.002">
      <failure>TypeError: Cannot read properties of undefined (reading &apos;status&apos;)
    at Object.apiCheckSystemHealth (/Users/runner/work/mattermost-mobile/mattermost-mobile/detox/e2e/support/server_api/system.ts:31:21)
    at processTicksAndRejections (node:internal/process/task_queues:95:5)
    at Object.&lt;anonymous&gt; (/Users/runner/work/mattermost-mobile/mattermost-mobile/detox/e2e/test/setup.ts:9:5)</failure>
      <failure>TypeError: Cannot read properties of undefined (reading &apos;id&apos;)
    at Object.apiInit (/Users/runner/work/mattermost-mobile/mattermost-mobile/detox/e2e/support/server_api/setup.ts:20:96)
    at processTicksAndRejections (node:internal/process/task_queues:95:5)
    at Object.&lt;anonymous&gt; (/Users/runner/work/mattermost-mobile/mattermost-mobile/detox/e2e/test/autocomplete/slash_suggestion.e2e.ts:33:33)</failure>
    </testcase>
    <testcase classname="Autocomplete - Slash Suggestion MM-T4881_2 - should suggest slash command based on partial slash command name" name="Autocomplete - Slash Suggestion MM-T4881_2 - should suggest slash command based on partial slash command name" time="0">
      <failure>TypeError: Cannot read properties of undefined (reading &apos;status&apos;)
    at Object.apiCheckSystemHealth (/Users/runner/work/mattermost-mobile/mattermost-mobile/detox/e2e/support/server_api/system.ts:31:21)
    at processTicksAndRejections (node:internal/process/task_queues:95:5)
    at Object.&lt;anonymous&gt; (/Users/runner/work/mattermost-mobile/mattermost-mobile/detox/e2e/test/setup.ts:9:5)</failure>
      <failure>TypeError: Cannot read properties of undefined (reading &apos;id&apos;)
    at Object.apiInit (/Users/runner/work/mattermost-mobile/mattermost-mobile/detox/e2e/support/server_api/setup.ts:20:96)
    at processTicksAndRejections (node:internal/process/task_queues:95:5)
    at Object.&lt;anonymous&gt; (/Users/runner/work/mattermost-mobile/mattermost-mobile/detox/e2e/test/autocomplete/slash_suggestion.e2e.ts:33:33)</failure>
    </testcase>
    <testcase classname="Autocomplete - Slash Suggestion MM-T4881_3 - should stop suggesting slash command after uppercase slash command name" name="Autocomplete - Slash Suggestion MM-T4881_3 - should stop suggesting slash command after uppercase slash command name" time="0.001">
      <failure>TypeError: Cannot read properties of undefined (reading &apos;status&apos;)
    at Object.apiCheckSystemHealth (/Users/runner/work/mattermost-mobile/mattermost-mobile/detox/e2e/support/server_api/system.ts:31:21)
    at processTicksAndRejections (node:internal/process/task_queues:95:5)
    at Object.&lt;anonymous&gt; (/Users/runner/work/mattermost-mobile/mattermost-mobile/detox/e2e/test/setup.ts:9:5)</failure>
      <failure>TypeError: Cannot read properties of undefined (reading &apos;id&apos;)
    at Object.apiInit (/Users/runner/work/mattermost-mobile/mattermost-mobile/detox/e2e/support/server_api/setup.ts:20:96)
    at processTicksAndRejections (node:internal/process/task_queues:95:5)
    at Object.&lt;anonymous&gt; (/Users/runner/work/mattermost-mobile/mattermost-mobile/detox/e2e/test/autocomplete/slash_suggestion.e2e.ts:33:33)</failure>
    </testcase>
    <testcase classname="Autocomplete - Slash Suggestion MM-T4881_4 - should stop suggesting slash command after slash command name with trailing space" name="Autocomplete - Slash Suggestion MM-T4881_4 - should stop suggesting slash command after slash command name with trailing space" time="0.001">
      <failure>TypeError: Cannot read properties of undefined (reading &apos;status&apos;)
    at Object.apiCheckSystemHealth (/Users/runner/work/mattermost-mobile/mattermost-mobile/detox/e2e/support/server_api/system.ts:31:21)
    at processTicksAndRejections (node:internal/process/task_queues:95:5)
    at Object.&lt;anonymous&gt; (/Users/runner/work/mattermost-mobile/mattermost-mobile/detox/e2e/test/setup.ts:9:5)</failure>
      <failure>TypeError: Cannot read properties of undefined (reading &apos;id&apos;)
    at Object.apiInit (/Users/runner/work/mattermost-mobile/mattermost-mobile/detox/e2e/support/server_api/setup.ts:20:96)
    at processTicksAndRejections (node:internal/process/task_queues:95:5)
    at Object.&lt;anonymous&gt; (/Users/runner/work/mattermost-mobile/mattermost-mobile/detox/e2e/test/autocomplete/slash_suggestion.e2e.ts:33:33)</failure>
    </testcase>
    <testcase classname="Autocomplete - Slash Suggestion MM-T4881_5 - should stop suggesting slash command when keyword is not associated with any slash command" name="Autocomplete - Slash Suggestion MM-T4881_5 - should stop suggesting slash command when keyword is not associated with any slash command" time="0">
      <failure>TypeError: Cannot read properties of undefined (reading &apos;status&apos;)
    at Object.apiCheckSystemHealth (/Users/runner/work/mattermost-mobile/mattermost-mobile/detox/e2e/support/server_api/system.ts:31:21)
    at processTicksAndRejections (node:internal/process/task_queues:95:5)
    at Object.&lt;anonymous&gt; (/Users/runner/work/mattermost-mobile/mattermost-mobile/detox/e2e/test/setup.ts:9:5)</failure>
      <failure>TypeError: Cannot read properties of undefined (reading &apos;id&apos;)
    at Object.apiInit (/Users/runner/work/mattermost-mobile/mattermost-mobile/detox/e2e/support/server_api/setup.ts:20:96)
    at processTicksAndRejections (node:internal/process/task_queues:95:5)
    at Object.&lt;anonymous&gt; (/Users/runner/work/mattermost-mobile/mattermost-mobile/detox/e2e/test/autocomplete/slash_suggestion.e2e.ts:33:33)</failure>
    </testcase>
    <testcase classname="Autocomplete - Slash Suggestion MM-T4881_6 - should not be able to select slash suggestion multiple times" name="Autocomplete - Slash Suggestion MM-T4881_6 - should not be able to select slash suggestion multiple times" time="0.001">
      <failure>TypeError: Cannot read properties of undefined (reading &apos;status&apos;)
    at Object.apiCheckSystemHealth (/Users/runner/work/mattermost-mobile/mattermost-mobile/detox/e2e/support/server_api/system.ts:31:21)
    at processTicksAndRejections (node:internal/process/task_queues:95:5)
    at Object.&lt;anonymous&gt; (/Users/runner/work/mattermost-mobile/mattermost-mobile/detox/e2e/test/setup.ts:9:5)</failure>
      <failure>TypeError: Cannot read properties of undefined (reading &apos;id&apos;)
    at Object.apiInit (/Users/runner/work/mattermost-mobile/mattermost-mobile/detox/e2e/support/server_api/setup.ts:20:96)
    at processTicksAndRejections (node:internal/process/task_queues:95:5)
    at Object.&lt;anonymous&gt; (/Users/runner/work/mattermost-mobile/mattermost-mobile/detox/e2e/test/autocomplete/slash_suggestion.e2e.ts:33:33)</failure>
    </testcase>
    <testcase classname=" Test execution failure: could be caused by test hooks like &apos;afterAll&apos;." name=" Test execution failure: could be caused by test hooks like &apos;afterAll&apos;." time="0">
      <failure>{&quot;message&quot;:&quot;&quot;,&quot;stack&quot;:&quot;Detox can&apos;t seem to connect to the test app(s)!\n\nHINT: \n\nHave you forgotten to call &apos;device.launchApp()&apos; in the beginning of your test?\nRefer to our troubleshooting guide, for full details: https://wix.github.io/Detox/docs/troubleshooting/running-tests#tests-execution-hangs\n\n---\nThe following package could not be delivered:\n\n{\n  type: &apos;invoke&apos;,\n  params: [Object],\n  messageId: 1\n}\n    at ChannelScreen.back (/Users/runner/work/mattermost-mobile/mattermost-mobile/detox/e2e/support/ui/screen/channel.ts:128:31)\n    at Object.&lt;anonymous&gt; (/Users/runner/work/mattermost-mobile/mattermost-mobile/detox/e2e/test/autocomplete/slash_suggestion.e2e.ts:58:9)&quot;}</failure>
    </testcase>
  </testsuite>
  <testsuite name="Autocomplete - Thread Post Draft" errors="0" failures="4" skipped="0" timestamp="2024-03-19T14:56:50" time="7.761" tests="4">
    <testcase classname="Autocomplete - Thread Post Draft MM-T4905_1 - should render at-mention autocomplete in post input" name="Autocomplete - Thread Post Draft MM-T4905_1 - should render at-mention autocomplete in post input" time="0.001">
      <failure>TypeError: Cannot read properties of undefined (reading &apos;status&apos;)
    at Object.apiCheckSystemHealth (/Users/runner/work/mattermost-mobile/mattermost-mobile/detox/e2e/support/server_api/system.ts:31:21)
    at processTicksAndRejections (node:internal/process/task_queues:95:5)
    at Object.&lt;anonymous&gt; (/Users/runner/work/mattermost-mobile/mattermost-mobile/detox/e2e/test/setup.ts:9:5)</failure>
      <failure>TypeError: Cannot read properties of undefined (reading &apos;id&apos;)
    at Object.apiInit (/Users/runner/work/mattermost-mobile/mattermost-mobile/detox/e2e/support/server_api/setup.ts:20:96)
    at processTicksAndRejections (node:internal/process/task_queues:95:5)
    at Object.&lt;anonymous&gt; (/Users/runner/work/mattermost-mobile/mattermost-mobile/detox/e2e/test/autocomplete/thread_post_draft.e2e.ts:32:33)</failure>
    </testcase>
    <testcase classname="Autocomplete - Thread Post Draft MM-T4905_2 - should render channel mention autocomplete in post input" name="Autocomplete - Thread Post Draft MM-T4905_2 - should render channel mention autocomplete in post input" time="0.001">
      <failure>TypeError: Cannot read properties of undefined (reading &apos;status&apos;)
    at Object.apiCheckSystemHealth (/Users/runner/work/mattermost-mobile/mattermost-mobile/detox/e2e/support/server_api/system.ts:31:21)
    at processTicksAndRejections (node:internal/process/task_queues:95:5)
    at Object.&lt;anonymous&gt; (/Users/runner/work/mattermost-mobile/mattermost-mobile/detox/e2e/test/setup.ts:9:5)</failure>
      <failure>TypeError: Cannot read properties of undefined (reading &apos;id&apos;)
    at Object.apiInit (/Users/runner/work/mattermost-mobile/mattermost-mobile/detox/e2e/support/server_api/setup.ts:20:96)
    at processTicksAndRejections (node:internal/process/task_queues:95:5)
    at Object.&lt;anonymous&gt; (/Users/runner/work/mattermost-mobile/mattermost-mobile/detox/e2e/test/autocomplete/thread_post_draft.e2e.ts:32:33)</failure>
    </testcase>
    <testcase classname="Autocomplete - Thread Post Draft MM-T4905_3 - should render emoji suggestion autocomplete in post input" name="Autocomplete - Thread Post Draft MM-T4905_3 - should render emoji suggestion autocomplete in post input" time="0.001">
      <failure>TypeError: Cannot read properties of undefined (reading &apos;status&apos;)
    at Object.apiCheckSystemHealth (/Users/runner/work/mattermost-mobile/mattermost-mobile/detox/e2e/support/server_api/system.ts:31:21)
    at processTicksAndRejections (node:internal/process/task_queues:95:5)
    at Object.&lt;anonymous&gt; (/Users/runner/work/mattermost-mobile/mattermost-mobile/detox/e2e/test/setup.ts:9:5)</failure>
      <failure>TypeError: Cannot read properties of undefined (reading &apos;id&apos;)
    at Object.apiInit (/Users/runner/work/mattermost-mobile/mattermost-mobile/detox/e2e/support/server_api/setup.ts:20:96)
    at processTicksAndRejections (node:internal/process/task_queues:95:5)
    at Object.&lt;anonymous&gt; (/Users/runner/work/mattermost-mobile/mattermost-mobile/detox/e2e/test/autocomplete/thread_post_draft.e2e.ts:32:33)</failure>
    </testcase>
    <testcase classname="Autocomplete - Thread Post Draft MM-T4905_4 - should render slash suggestion autocomplete in post input" name="Autocomplete - Thread Post Draft MM-T4905_4 - should render slash suggestion autocomplete in post input" time="0.001">
      <failure>TypeError: Cannot read properties of undefined (reading &apos;status&apos;)
    at Object.apiCheckSystemHealth (/Users/runner/work/mattermost-mobile/mattermost-mobile/detox/e2e/support/server_api/system.ts:31:21)
    at processTicksAndRejections (node:internal/process/task_queues:95:5)
    at Object.&lt;anonymous&gt; (/Users/runner/work/mattermost-mobile/mattermost-mobile/detox/e2e/test/setup.ts:9:5)</failure>
      <failure>TypeError: Cannot read properties of undefined (reading &apos;id&apos;)
    at Object.apiInit (/Users/runner/work/mattermost-mobile/mattermost-mobile/detox/e2e/support/server_api/setup.ts:20:96)
    at processTicksAndRejections (node:internal/process/task_queues:95:5)
    at Object.&lt;anonymous&gt; (/Users/runner/work/mattermost-mobile/mattermost-mobile/detox/e2e/test/autocomplete/thread_post_draft.e2e.ts:32:33)</failure>
    </testcase>
    <testcase classname=" Test execution failure: could be caused by test hooks like &apos;afterAll&apos;." name=" Test execution failure: could be caused by test hooks like &apos;afterAll&apos;." time="0">
      <failure>{&quot;message&quot;:&quot;&quot;,&quot;stack&quot;:&quot;Detox can&apos;t seem to connect to the test app(s)!\n\nHINT: \n\nHave you forgotten to call &apos;device.launchApp()&apos; in the beginning of your test?\nRefer to our troubleshooting guide, for full details: https://wix.github.io/Detox/docs/troubleshooting/running-tests#tests-execution-hangs\n\n---\nThe following package could not be delivered:\n\n{\n  type: &apos;invoke&apos;,\n  params: [Object],\n  messageId: 1\n}\n    at ThreadScreen.back (/Users/runner/work/mattermost-mobile/mattermost-mobile/detox/e2e/support/ui/screen/thread.ts:94:31)\n    at Object.&lt;anonymous&gt; (/Users/runner/work/mattermost-mobile/mattermost-mobile/detox/e2e/test/autocomplete/thread_post_draft.e2e.ts:58:28)\n    at Promise.then.completed (/Users/runner/work/mattermost-mobile/mattermost-mobile/detox/node_modules/jest-circus/build/utils.js:298:28)\n    at new Promise (&lt;anonymous&gt;)\n    at callAsyncCircusFn (/Users/runner/work/mattermost-mobile/mattermost-mobile/detox/node_modules/jest-circus/build/utils.js:231:10)\n    at _callCircusHook (/Users/runner/work/mattermost-mobile/mattermost-mobile/detox/node_modules/jest-circus/build/run.js:281:40)\n    at processTicksAndRejections (node:internal/process/task_queues:95:5)\n    at _runTestsForDescribeBlock (/Users/runner/work/mattermost-mobile/mattermost-mobile/detox/node_modules/jest-circus/build/run.js:154:7)\n    at _runTestsForDescribeBlock (/Users/runner/work/mattermost-mobile/mattermost-mobile/detox/node_modules/jest-circus/build/run.js:121:9)\n    at run (/Users/runner/work/mattermost-mobile/mattermost-mobile/detox/node_modules/jest-circus/build/run.js:71:3)\n    at runAndTransformResultsToJestFormat (/Users/runner/work/mattermost-mobile/mattermost-mobile/detox/node_modules/jest-circus/build/legacy-code-todo-rewrite/jestAdapterInit.js:122:21)\n    at jestAdapter (/Users/runner/work/mattermost-mobile/mattermost-mobile/detox/node_modules/jest-circus/build/legacy-code-todo-rewrite/jestAdapter.js:79:19)\n    at runTestInternal (/Users/runner/work/mattermost-mobile/mattermost-mobile/detox/node_modules/jest-runner/build/runTest.js:367:16)\n    at runTest (/Users/runner/work/mattermost-mobile/mattermost-mobile/detox/node_modules/jest-runner/build/runTest.js:444:34)&quot;}</failure>
    </testcase>
  </testsuite>
  <testsuite name="Channels - Archive Channel" errors="0" failures="3" skipped="0" timestamp="2024-03-19T14:56:58" time="33.77" tests="3">
    <testcase classname="Channels - Archive Channel MM-T4932_1 - should be able to archive a public channel and confirm" name="Channels - Archive Channel MM-T4932_1 - should be able to archive a public channel and confirm" time="0.001">
      <failure>TypeError: Cannot read properties of undefined (reading &apos;id&apos;)
    at Object.apiInit (/Users/runner/work/mattermost-mobile/mattermost-mobile/detox/e2e/support/server_api/setup.ts:20:96)
    at processTicksAndRejections (node:internal/process/task_queues:95:5)
    at Object.&lt;anonymous&gt; (/Users/runner/work/mattermost-mobile/mattermost-mobile/detox/e2e/test/channels/archive_channel.e2e.ts:38:30)</failure>
    </testcase>
    <testcase classname="Channels - Archive Channel MM-T4932_2 - should be able to archive a public channel and cancel" name="Channels - Archive Channel MM-T4932_2 - should be able to archive a public channel and cancel" time="0.001">
      <failure>TypeError: Cannot read properties of undefined (reading &apos;id&apos;)
    at Object.apiInit (/Users/runner/work/mattermost-mobile/mattermost-mobile/detox/e2e/support/server_api/setup.ts:20:96)
    at processTicksAndRejections (node:internal/process/task_queues:95:5)
    at Object.&lt;anonymous&gt; (/Users/runner/work/mattermost-mobile/mattermost-mobile/detox/e2e/test/channels/archive_channel.e2e.ts:38:30)</failure>
    </testcase>
    <testcase classname="Channels - Archive Channel MM-T4932_3 - should be able to archive a private channel and confirm" name="Channels - Archive Channel MM-T4932_3 - should be able to archive a private channel and confirm" time="0">
      <failure>TypeError: Cannot read properties of undefined (reading &apos;id&apos;)
    at Object.apiInit (/Users/runner/work/mattermost-mobile/mattermost-mobile/detox/e2e/support/server_api/setup.ts:20:96)
    at processTicksAndRejections (node:internal/process/task_queues:95:5)
    at Object.&lt;anonymous&gt; (/Users/runner/work/mattermost-mobile/mattermost-mobile/detox/e2e/test/channels/archive_channel.e2e.ts:38:30)</failure>
    </testcase>
    <testcase classname=" Test execution failure: could be caused by test hooks like &apos;afterAll&apos;." name=" Test execution failure: could be caused by test hooks like &apos;afterAll&apos;." time="0">
      <failure>{&quot;message&quot;:&quot;&quot;,&quot;stack&quot;:&quot;Test Failed: Timed out while waiting for expectation: TOBEVISIBLE WITH MATCHER(id == “tab_bar.account.tab”) TIMEOUT(2s)\n\nHINT: To print view hierarchy on failed actions/matches, use log-level verbose or higher.\n    at AccountScreen.open (/Users/runner/work/mattermost-mobile/mattermost-mobile/detox/e2e/support/ui/screen/account.ts:84:60)\n    at HomeScreen.logout (/Users/runner/work/mattermost-mobile/mattermost-mobile/detox/e2e/support/ui/screen/home.ts:40:29)\n    at Object.&lt;anonymous&gt; (/Users/runner/work/mattermost-mobile/mattermost-mobile/detox/e2e/test/channels/archive_channel.e2e.ts:54:26)\n    at Promise.then.completed (/Users/runner/work/mattermost-mobile/mattermost-mobile/detox/node_modules/jest-circus/build/utils.js:298:28)\n    at new Promise (&lt;anonymous&gt;)\n    at callAsyncCircusFn (/Users/runner/work/mattermost-mobile/mattermost-mobile/detox/node_modules/jest-circus/build/utils.js:231:10)\n    at _callCircusHook (/Users/runner/work/mattermost-mobile/mattermost-mobile/detox/node_modules/jest-circus/build/run.js:281:40)\n    at processTicksAndRejections (node:internal/process/task_queues:95:5)\n    at _runTestsForDescribeBlock (/Users/runner/work/mattermost-mobile/mattermost-mobile/detox/node_modules/jest-circus/build/run.js:154:7)\n    at _runTestsForDescribeBlock (/Users/runner/work/mattermost-mobile/mattermost-mobile/detox/node_modules/jest-circus/build/run.js:121:9)\n    at run (/Users/runner/work/mattermost-mobile/mattermost-mobile/detox/node_modules/jest-circus/build/run.js:71:3)\n    at runAndTransformResultsToJestFormat (/Users/runner/work/mattermost-mobile/mattermost-mobile/detox/node_modules/jest-circus/build/legacy-code-todo-rewrite/jestAdapterInit.js:122:21)\n    at jestAdapter (/Users/runner/work/mattermost-mobile/mattermost-mobile/detox/node_modules/jest-circus/build/legacy-code-todo-rewrite/jestAdapter.js:79:19)\n    at runTestInternal (/Users/runner/work/mattermost-mobile/mattermost-mobile/detox/node_modules/jest-runner/build/runTest.js:367:16)\n    at runTest (/Users/runner/work/mattermost-mobile/mattermost-mobile/detox/node_modules/jest-runner/build/runTest.js:444:34)&quot;}</failure>
    </testcase>
  </testsuite>
  <testsuite name="Channels - Browse Channels" errors="0" failures="7" skipped="0" timestamp="2024-03-19T14:57:32" time="35.243" tests="7">
    <testcase classname="Channels - Browse Channels MM-T4729_1 - should match elements on browse channels screen" name="Channels - Browse Channels MM-T4729_1 - should match elements on browse channels screen" time="0.001">
      <failure>TypeError: Cannot read properties of undefined (reading &apos;id&apos;)
    at Object.apiInit (/Users/runner/work/mattermost-mobile/mattermost-mobile/detox/e2e/support/server_api/setup.ts:20:96)
    at processTicksAndRejections (node:internal/process/task_queues:95:5)
    at Object.&lt;anonymous&gt; (/Users/runner/work/mattermost-mobile/mattermost-mobile/detox/e2e/test/channels/browse_channels.e2e.ts:39:30)</failure>
    </testcase>
    <testcase classname="Channels - Browse Channels MM-T4729_2 - should be able to browse and join an unjoined public channel" name="Channels - Browse Channels MM-T4729_2 - should be able to browse and join an unjoined public channel" time="0.001">
      <failure>TypeError: Cannot read properties of undefined (reading &apos;id&apos;)
    at Object.apiInit (/Users/runner/work/mattermost-mobile/mattermost-mobile/detox/e2e/support/server_api/setup.ts:20:96)
    at processTicksAndRejections (node:internal/process/task_queues:95:5)
    at Object.&lt;anonymous&gt; (/Users/runner/work/mattermost-mobile/mattermost-mobile/detox/e2e/test/channels/browse_channels.e2e.ts:39:30)</failure>
    </testcase>
    <testcase classname="Channels - Browse Channels MM-T4729_3 - should display empty search state for browse channels" name="Channels - Browse Channels MM-T4729_3 - should display empty search state for browse channels" time="0.001">
      <failure>TypeError: Cannot read properties of undefined (reading &apos;id&apos;)
    at Object.apiInit (/Users/runner/work/mattermost-mobile/mattermost-mobile/detox/e2e/support/server_api/setup.ts:20:96)
    at processTicksAndRejections (node:internal/process/task_queues:95:5)
    at Object.&lt;anonymous&gt; (/Users/runner/work/mattermost-mobile/mattermost-mobile/detox/e2e/test/channels/browse_channels.e2e.ts:39:30)</failure>
    </testcase>
    <testcase classname="Channels - Browse Channels MM-T4729_4 - should not be able to browse direct and group message channels" name="Channels - Browse Channels MM-T4729_4 - should not be able to browse direct and group message channels" time="0.001">
      <failure>TypeError: Cannot read properties of undefined (reading &apos;id&apos;)
    at Object.apiInit (/Users/runner/work/mattermost-mobile/mattermost-mobile/detox/e2e/support/server_api/setup.ts:20:96)
    at processTicksAndRejections (node:internal/process/task_queues:95:5)
    at Object.&lt;anonymous&gt; (/Users/runner/work/mattermost-mobile/mattermost-mobile/detox/e2e/test/channels/browse_channels.e2e.ts:39:30)</failure>
    </testcase>
    <testcase classname="Channels - Browse Channels MM-T4729_5 - should be able to browse an archived channel" name="Channels - Browse Channels MM-T4729_5 - should be able to browse an archived channel" time="0.001">
      <failure>TypeError: Cannot read properties of undefined (reading &apos;id&apos;)
    at Object.apiInit (/Users/runner/work/mattermost-mobile/mattermost-mobile/detox/e2e/support/server_api/setup.ts:20:96)
    at processTicksAndRejections (node:internal/process/task_queues:95:5)
    at Object.&lt;anonymous&gt; (/Users/runner/work/mattermost-mobile/mattermost-mobile/detox/e2e/test/channels/browse_channels.e2e.ts:39:30)</failure>
    </testcase>
    <testcase classname="Channels - Browse Channels MM-T4729_6 - should not be able to browse a joined public channel" name="Channels - Browse Channels MM-T4729_6 - should not be able to browse a joined public channel" time="0">
      <failure>TypeError: Cannot read properties of undefined (reading &apos;id&apos;)
    at Object.apiInit (/Users/runner/work/mattermost-mobile/mattermost-mobile/detox/e2e/support/server_api/setup.ts:20:96)
    at processTicksAndRejections (node:internal/process/task_queues:95:5)
    at Object.&lt;anonymous&gt; (/Users/runner/work/mattermost-mobile/mattermost-mobile/detox/e2e/test/channels/browse_channels.e2e.ts:39:30)</failure>
    </testcase>
    <testcase classname="Channels - Browse Channels MM-T4729_7 - should not be able to browse joined and unjoined private channel" name="Channels - Browse Channels MM-T4729_7 - should not be able to browse joined and unjoined private channel" time="0.001">
      <failure>TypeError: Cannot read properties of undefined (reading &apos;id&apos;)
    at Object.apiInit (/Users/runner/work/mattermost-mobile/mattermost-mobile/detox/e2e/support/server_api/setup.ts:20:96)
    at processTicksAndRejections (node:internal/process/task_queues:95:5)
    at Object.&lt;anonymous&gt; (/Users/runner/work/mattermost-mobile/mattermost-mobile/detox/e2e/test/channels/browse_channels.e2e.ts:39:30)</failure>
    </testcase>
    <testcase classname=" Test execution failure: could be caused by test hooks like &apos;afterAll&apos;." name=" Test execution failure: could be caused by test hooks like &apos;afterAll&apos;." time="0">
      <failure>{&quot;message&quot;:&quot;&quot;,&quot;stack&quot;:&quot;Test Failed: Timed out while waiting for expectation: TOBEVISIBLE WITH MATCHER(id == “tab_bar.account.tab”) TIMEOUT(2s)\n\nHINT: To print view hierarchy on failed actions/matches, use log-level verbose or higher.\n    at AccountScreen.open (/Users/runner/work/mattermost-mobile/mattermost-mobile/detox/e2e/support/ui/screen/account.ts:84:60)\n    at HomeScreen.logout (/Users/runner/work/mattermost-mobile/mattermost-mobile/detox/e2e/support/ui/screen/home.ts:40:29)\n    at Object.&lt;anonymous&gt; (/Users/runner/work/mattermost-mobile/mattermost-mobile/detox/e2e/test/channels/browse_channels.e2e.ts:55:26)\n    at Promise.then.completed (/Users/runner/work/mattermost-mobile/mattermost-mobile/detox/node_modules/jest-circus/build/utils.js:298:28)\n    at new Promise (&lt;anonymous&gt;)\n    at callAsyncCircusFn (/Users/runner/work/mattermost-mobile/mattermost-mobile/detox/node_modules/jest-circus/build/utils.js:231:10)\n    at _callCircusHook (/Users/runner/work/mattermost-mobile/mattermost-mobile/detox/node_modules/jest-circus/build/run.js:281:40)\n    at processTicksAndRejections (node:internal/process/task_queues:95:5)\n    at _runTestsForDescribeBlock (/Users/runner/work/mattermost-mobile/mattermost-mobile/detox/node_modules/jest-circus/build/run.js:154:7)\n    at _runTestsForDescribeBlock (/Users/runner/work/mattermost-mobile/mattermost-mobile/detox/node_modules/jest-circus/build/run.js:121:9)\n    at run (/Users/runner/work/mattermost-mobile/mattermost-mobile/detox/node_modules/jest-circus/build/run.js:71:3)\n    at runAndTransformResultsToJestFormat (/Users/runner/work/mattermost-mobile/mattermost-mobile/detox/node_modules/jest-circus/build/legacy-code-todo-rewrite/jestAdapterInit.js:122:21)\n    at jestAdapter (/Users/runner/work/mattermost-mobile/mattermost-mobile/detox/node_modules/jest-circus/build/legacy-code-todo-rewrite/jestAdapter.js:79:19)\n    at runTestInternal (/Users/runner/work/mattermost-mobile/mattermost-mobile/detox/node_modules/jest-runner/build/runTest.js:367:16)\n    at runTest (/Users/runner/work/mattermost-mobile/mattermost-mobile/detox/node_modules/jest-runner/build/runTest.js:444:34)&quot;}</failure>
    </testcase>
  </testsuite>
</testsuites>