<?xml version="1.0" encoding="UTF-8"?>
<testsuites name="Mobile App E2E with Detox and Jest" tests="46" failures="3" errors="0" time="1047.011">
  <testsuite name="Account - Settings - Mention Notification Settings" errors="0" failures="1" skipped="0" timestamp="2024-03-19T14:45:20" time="293.722" tests="2">
    <testcase classname="Account - Settings - Mention Notification Settings MM-T5107_1 - should match elements on mention notification settings screen" name="Account - Settings - Mention Notification Settings MM-T5107_1 - should match elements on mention notification settings screen" time="1.251">
    </testcase>
    <testcase classname="Account - Settings - Mention Notification Settings MM-T5107_2 - should be able to change mention notification settings and save by tapping navigation back button" name="Account - Settings - Mention Notification Settings MM-T5107_2 - should be able to change mention notification settings and save by tapping navigation back button" time="17.551">
      <failure>Test Failed: Failed expectation: TOHAVEVALUE(value == “keywordsd47b7e”) WITH MATCHER(id == “mention_notification_settings.keywords.input”)

HINT: To print view hierarchy on failed actions/matches, use log-level verbose or higher.
    at Object.&lt;anonymous&gt; (/Users/runner/work/mattermost-mobile/mattermost-mobile/detox/e2e/test/account/mention_notification_settings.e2e.ts:82:75)
    at processTicksAndRejections (node:internal/process/task_queues:95:5)</failure>
    </testcase>
  </testsuite>
  <testsuite name="Account - Settings - Notification Settings" errors="0" failures="0" skipped="0" timestamp="2024-03-19T14:50:14" time="82.307" tests="5">
    <testcase classname="Account - Settings - Notification Settings MM-T5101_1 - should match elements on notification settings screen" name="Account - Settings - Notification Settings MM-T5101_1 - should match elements on notification settings screen" time="0.907">
    </testcase>
    <testcase classname="Account - Settings - Notification Settings MM-T5101_2 - should be able to go to mention notification settings screen" name="Account - Settings - Notification Settings MM-T5101_2 - should be able to go to mention notification settings screen" time="3.163">
    </testcase>
    <testcase classname="Account - Settings - Notification Settings MM-T5101_3 - should be able to go to push notification settings screen" name="Account - Settings - Notification Settings MM-T5101_3 - should be able to go to push notification settings screen" time="2.944">
    </testcase>
    <testcase classname="Account - Settings - Notification Settings MM-T5101_4 - should be able to go to email notification settings screen" name="Account - Settings - Notification Settings MM-T5101_4 - should be able to go to email notification settings screen" time="2.879">
    </testcase>
    <testcase classname="Account - Settings - Notification Settings MM-T5101_5 - should be able to go to auto-responder notification settings screen" name="Account - Settings - Notification Settings MM-T5101_5 - should be able to go to auto-responder notification settings screen" time="2.876">
    </testcase>
  </testsuite>
  <testsuite name="Account - Settings - Push Notification Settings" errors="0" failures="0" skipped="0" timestamp="2024-03-19T14:51:36" time="101.996" tests="2">
    <testcase classname="Account - Settings - Push Notification Settings MM-T5108_1 - should match elements on push notification settings screen" name="Account - Settings - Push Notification Settings MM-T5108_1 - should match elements on push notification settings screen" time="1.393">
    </testcase>
    <testcase classname="Account - Settings - Push Notification Settings MM-T5108_2 - should be able to change push notification settings and save by tapping navigation back button" name="Account - Settings - Push Notification Settings MM-T5108_2 - should be able to change push notification settings and save by tapping navigation back button" time="25.366">
    </testcase>
  </testsuite>
  <testsuite name="Account - Settings" errors="0" failures="0" skipped="0" timestamp="2024-03-19T14:53:18" time="79.024" tests="5">
    <testcase classname="Account - Settings MM-T4991_1 - should match elements on settings screen" name="Account - Settings MM-T4991_1 - should match elements on settings screen" time="1.189">
    </testcase>
    <testcase classname="Account - Settings MM-T4991_2 - should be able to go to notification settings screen" name="Account - Settings MM-T4991_2 - should be able to go to notification settings screen" time="3.585">
    </testcase>
    <testcase classname="Account - Settings MM-T4991_3 - should be able to go to display settings screen" name="Account - Settings MM-T4991_3 - should be able to go to display settings screen" time="3.12">
    </testcase>
    <testcase classname="Account - Settings MM-T4991_4 - should be able to go to advanced settings screen" name="Account - Settings MM-T4991_4 - should be able to go to advanced settings screen" time="2.907">
    </testcase>
    <testcase classname="Account - Settings MM-T4991_5 - should be able to go to about screen" name="Account - Settings MM-T4991_5 - should be able to go to about screen" time="2.907">
    </testcase>
  </testsuite>
  <testsuite name="Account - Settings - Theme Display Settings" errors="0" failures="0" skipped="0" timestamp="2024-03-19T14:54:37" time="75.327" tests="2">
    <testcase classname="Account - Settings - Theme Display Settings MM-T5111_1 - should match elements on theme display settings screen" name="Account - Settings - Theme Display Settings MM-T5111_1 - should match elements on theme display settings screen" time="0.927">
    </testcase>
    <testcase classname="Account - Settings - Theme Display Settings MM-T5111_2 - should be able to select a theme and save by tapping navigation back button" name="Account - Settings - Theme Display Settings MM-T5111_2 - should be able to select a theme and save by tapping navigation back button" time="8.445">
    </testcase>
  </testsuite>
  <testsuite name="Account - Settings - Timezone Display Settings" errors="0" failures="0" skipped="0" timestamp="2024-03-19T14:55:53" time="84.644" tests="2">
    <testcase classname="Account - Settings - Timezone Display Settings MM-T5113_1 - should match elements on timezone display settings screen" name="Account - Settings - Timezone Display Settings MM-T5113_1 - should match elements on timezone display settings screen" time="0.303">
    </testcase>
    <testcase classname="Account - Settings - Timezone Display Settings MM-T5113_2 - should be able to select a timezone and save by tapping navigation back button" name="Account - Settings - Timezone Display Settings MM-T5113_2 - should be able to select a timezone and save by tapping navigation back button" time="18.463">
    </testcase>
  </testsuite>
  <testsuite name="Autocomplete - At-Mention" errors="0" failures="1" skipped="0" timestamp="2024-03-19T14:57:17" time="138.938" tests="14">
    <testcase classname="Autocomplete - At-Mention MM-T4878_1 - should suggest user based on username" name="Autocomplete - At-Mention MM-T4878_1 - should suggest user based on username" time="5.736">
    </testcase>
    <testcase classname="Autocomplete - At-Mention MM-T4878_2 - should suggest user based on nickname" name="Autocomplete - At-Mention MM-T4878_2 - should suggest user based on nickname" time="4.424">
    </testcase>
    <testcase classname="Autocomplete - At-Mention MM-T4878_3 - should suggest user based on first name" name="Autocomplete - At-Mention MM-T4878_3 - should suggest user based on first name" time="4.665">
    </testcase>
    <testcase classname="Autocomplete - At-Mention MM-T4878_4 - should suggest user based on last name" name="Autocomplete - At-Mention MM-T4878_4 - should suggest user based on last name" time="4.578">
    </testcase>
    <testcase classname="Autocomplete - At-Mention MM-T4878_5 - should suggest user based on lowercase first name" name="Autocomplete - At-Mention MM-T4878_5 - should suggest user based on lowercase first name" time="4.452">
    </testcase>
    <testcase classname="Autocomplete - At-Mention MM-T4878_6 - should suggest user based on lowercase last name" name="Autocomplete - At-Mention MM-T4878_6 - should suggest user based on lowercase last name" time="4.42">
    </testcase>
    <testcase classname="Autocomplete - At-Mention MM-T4878_7 - should suggest user based on full name with space" name="Autocomplete - At-Mention MM-T4878_7 - should suggest user based on full name with space" time="4.968">
    </testcase>
    <testcase classname="Autocomplete - At-Mention MM-T4878_8 - should suggest user based on partial full name with space" name="Autocomplete - At-Mention MM-T4878_8 - should suggest user based on partial full name with space" time="4.609">
    </testcase>
    <testcase classname="Autocomplete - At-Mention MM-T4878_9 - should stop suggesting user after full name with trailing space" name="Autocomplete - At-Mention MM-T4878_9 - should stop suggesting user after full name with trailing space" time="6.585">
    </testcase>
    <testcase classname="Autocomplete - At-Mention MM-T4878_10 - should stop suggesting user when keyword is not associated with any user" name="Autocomplete - At-Mention MM-T4878_10 - should stop suggesting user when keyword is not associated with any user" time="4.394">
    </testcase>
    <testcase classname="Autocomplete - At-Mention MM-T4878_11 - should be able to select at-mention multiple times" name="Autocomplete - At-Mention MM-T4878_11 - should be able to select at-mention multiple times" time="5.588">
    </testcase>
    <testcase classname="Autocomplete - At-Mention MM-T4878_12 - should not be able to autocomplete deactivated user" name="Autocomplete - At-Mention MM-T4878_12 - should not be able to autocomplete deactivated user" time="9.618">
    </testcase>
    <testcase classname="Autocomplete - At-Mention MM-T4878_13 - should be able to autocomplete out of channel user" name="Autocomplete - At-Mention MM-T4878_13 - should be able to autocomplete out of channel user" time="5.706">
    </testcase>
    <testcase classname="Autocomplete - At-Mention MM-T4878_14 - should include current user in autocomplete" name="Autocomplete - At-Mention MM-T4878_14 - should include current user in autocomplete" time="5.802">
      <failure>Test Failed: Failed expectation: TOHAVETEXT(text == “F7516ee L7516ee”) WITH MATCHER(id == “autocomplete.at_mention_item.yn99xih5djnm8xdr139484yhqe.display_name”)

HINT: To print view hierarchy on failed actions/matches, use log-level verbose or higher.
    at Object.&lt;anonymous&gt; (/Users/runner/work/mattermost-mobile/mattermost-mobile/detox/e2e/test/autocomplete/at_mention.e2e.ts:320:52)
    at processTicksAndRejections (node:internal/process/task_queues:95:5)</failure>
    </testcase>
  </testsuite>
  <testsuite name="Autocomplete - Channel Mention" errors="0" failures="1" skipped="0" timestamp="2024-03-19T14:59:36" time="119.013" tests="10">
    <testcase classname="Autocomplete - Channel Mention MM-T4879_1 - should suggest channel based on channel name" name="Autocomplete - Channel Mention MM-T4879_1 - should suggest channel based on channel name" time="5.655">
    </testcase>
    <testcase classname="Autocomplete - Channel Mention MM-T4879_2 - should suggest channel based on channel display name" name="Autocomplete - Channel Mention MM-T4879_2 - should suggest channel based on channel display name" time="4.691">
    </testcase>
    <testcase classname="Autocomplete - Channel Mention MM-T4879_3 - should suggest channel based on lowercase channel display name" name="Autocomplete - Channel Mention MM-T4879_3 - should suggest channel based on lowercase channel display name" time="4.675">
    </testcase>
    <testcase classname="Autocomplete - Channel Mention MM-T4879_4 - should suggest channel based on partial channel display name" name="Autocomplete - Channel Mention MM-T4879_4 - should suggest channel based on partial channel display name" time="4.542">
    </testcase>
    <testcase classname="Autocomplete - Channel Mention MM-T4879_5 - should stop suggesting channel after channel display name with trailing space" name="Autocomplete - Channel Mention MM-T4879_5 - should stop suggesting channel after channel display name with trailing space" time="6.244">
    </testcase>
    <testcase classname="Autocomplete - Channel Mention MM-T4879_6 - should stop suggesting channel when keyword is not associated with any channel" name="Autocomplete - Channel Mention MM-T4879_6 - should stop suggesting channel when keyword is not associated with any channel" time="4.209">
    </testcase>
    <testcase classname="Autocomplete - Channel Mention MM-T4879_7 - should be able to select channel mention multiple times" name="Autocomplete - Channel Mention MM-T4879_7 - should be able to select channel mention multiple times" time="5.623">
    </testcase>
    <testcase classname="Autocomplete - Channel Mention MM-T4879_8 - should be able to autocomplete archived channel" name="Autocomplete - Channel Mention MM-T4879_8 - should be able to autocomplete archived channel" time="10.361">
    </testcase>
    <testcase classname="Autocomplete - Channel Mention MM-T4879_9 - should not be able to autocomplete out of team channel" name="Autocomplete - Channel Mention MM-T4879_9 - should not be able to autocomplete out of team channel" time="5.104">
    </testcase>
    <testcase classname="Autocomplete - Channel Mention MM-T4879_10 - should include current channel in autocomplete" name="Autocomplete - Channel Mention MM-T4879_10 - should include current channel in autocomplete" time="5.815">
      <failure>Test Failed: Failed expectation: TOHAVETEXT(text == “Channel fa4086 ~channel-fa4086”) WITH MATCHER(id == “autocomplete.channel_mention_item.channel-fa4086.display_name”)

HINT: To print view hierarchy on failed actions/matches, use log-level verbose or higher.
    at Object.&lt;anonymous&gt; (/Users/runner/work/mattermost-mobile/mattermost-mobile/detox/e2e/test/autocomplete/channel_mention.e2e.ts:256:60)
    at processTicksAndRejections (node:internal/process/task_queues:95:5)</failure>
    </testcase>
  </testsuite>
  <testsuite name="Autocomplete - Channel Post Draft" errors="0" failures="0" skipped="0" timestamp="2024-03-19T15:01:35" time="71.212" tests="4">
    <testcase classname="Autocomplete - Channel Post Draft MM-T4882_1 - should render at-mention autocomplete in post input" name="Autocomplete - Channel Post Draft MM-T4882_1 - should render at-mention autocomplete in post input" time="3.284">
    </testcase>
    <testcase classname="Autocomplete - Channel Post Draft MM-T4882_2 - should render channel mention autocomplete in post input" name="Autocomplete - Channel Post Draft MM-T4882_2 - should render channel mention autocomplete in post input" time="2.083">
    </testcase>
    <testcase classname="Autocomplete - Channel Post Draft MM-T4882_3 - should render emoji suggestion autocomplete in post input" name="Autocomplete - Channel Post Draft MM-T4882_3 - should render emoji suggestion autocomplete in post input" time="2.531">
    </testcase>
    <testcase classname="Autocomplete - Channel Post Draft MM-T4882_4 - should render slash suggestion autocomplete in post input" name="Autocomplete - Channel Post Draft MM-T4882_4 - should render slash suggestion autocomplete in post input" time="2.111">
    </testcase>
  </testsuite>
</testsuites>