<?xml version="1.0" encoding="UTF-8"?>
<testsuites name="Mobile App E2E with Detox and Jest" tests="21" failures="16" errors="0" time="747.683">
  <testsuite name="Channels - Leave Channel" errors="0" failures="3" skipped="0" timestamp="2024-03-19T14:45:27" time="328.702" tests="3">
    <testcase classname="Channels - Leave Channel MM-T4931_1 - should be able to leave a channel from channel info screen and confirm" name="Channels - Leave Channel MM-T4931_1 - should be able to leave a channel from channel info screen and confirm" time="18.586">
      <failure>Test Failed: View is not hittable at its visible point. Error: View is not visible around point.
- view point: {1, 1}
- visible bounds: {{inf, inf}, {0, 0}}
- view bounds: {{0, 0}, {353, 48}}
---
Error: Error Domain=DetoxErrorDomain Code=0 &quot;View “&lt;RCTView: 0x7fc4ddf696b0&gt;” is not visible: View is clipped by one or more of its superviews&apos; bounds and does not pass visibility percent threshold (100)&quot; UserInfo={NSLocalizedDescription=View “&lt;RCTView: 0x7fc4ddf696b0&gt;” is not visible: View is clipped by one or more of its superviews&apos; bounds and does not pass visibility percent threshold (100)}
    at ChannelInfoScreen.leaveChannel (/Users/runner/work/mattermost-mobile/mattermost-mobile/detox/e2e/support/ui/screen/channel_info.ts:172:39)
    at processTicksAndRejections (node:internal/process/task_queues:95:5)
    at Object.&lt;anonymous&gt; (/Users/runner/work/mattermost-mobile/mattermost-mobile/detox/e2e/test/channels/leave_channel.e2e.ts:62:9)</failure>
    </testcase>
    <testcase classname="Channels - Leave Channel MM-T4931_2 - should be able to leave a channel from channel info screen and cancel" name="Channels - Leave Channel MM-T4931_2 - should be able to leave a channel from channel info screen and cancel" time="10.249">
      <failure>Test Failed: Timed out while waiting for expectation: TOEXIST WITH MATCHER(id == “channel_list.screen”) TIMEOUT(10s)

HINT: To print view hierarchy on failed actions/matches, use log-level verbose or higher.
    at ChannelListScreen.toBeVisible (/Users/runner/work/mattermost-mobile/mattermost-mobile/detox/e2e/support/ui/screen/channel_list.ts:75:57)
    at Object.&lt;anonymous&gt; (/Users/runner/work/mattermost-mobile/mattermost-mobile/detox/e2e/test/channels/leave_channel.e2e.ts:47:33)
    at Promise.then.completed (/Users/runner/work/mattermost-mobile/mattermost-mobile/detox/node_modules/jest-circus/build/utils.js:298:28)
    at new Promise (&lt;anonymous&gt;)
    at callAsyncCircusFn (/Users/runner/work/mattermost-mobile/mattermost-mobile/detox/node_modules/jest-circus/build/utils.js:231:10)
    at _callCircusHook (/Users/runner/work/mattermost-mobile/mattermost-mobile/detox/node_modules/jest-circus/build/run.js:281:40)
    at _runTest (/Users/runner/work/mattermost-mobile/mattermost-mobile/detox/node_modules/jest-circus/build/run.js:246:5)
    at _runTestsForDescribeBlock (/Users/runner/work/mattermost-mobile/mattermost-mobile/detox/node_modules/jest-circus/build/run.js:126:9)
    at _runTestsForDescribeBlock (/Users/runner/work/mattermost-mobile/mattermost-mobile/detox/node_modules/jest-circus/build/run.js:121:9)
    at run (/Users/runner/work/mattermost-mobile/mattermost-mobile/detox/node_modules/jest-circus/build/run.js:71:3)
    at runAndTransformResultsToJestFormat (/Users/runner/work/mattermost-mobile/mattermost-mobile/detox/node_modules/jest-circus/build/legacy-code-todo-rewrite/jestAdapterInit.js:122:21)
    at jestAdapter (/Users/runner/work/mattermost-mobile/mattermost-mobile/detox/node_modules/jest-circus/build/legacy-code-todo-rewrite/jestAdapter.js:79:19)
    at runTestInternal (/Users/runner/work/mattermost-mobile/mattermost-mobile/detox/node_modules/jest-runner/build/runTest.js:367:16)
    at runTest (/Users/runner/work/mattermost-mobile/mattermost-mobile/detox/node_modules/jest-runner/build/runTest.js:444:34)</failure>
    </testcase>
    <testcase classname="Channels - Leave Channel MM-T4931_3 - should be able to leave a channel from channel quick actions" name="Channels - Leave Channel MM-T4931_3 - should be able to leave a channel from channel quick actions" time="10.165">
      <failure>Test Failed: Timed out while waiting for expectation: TOEXIST WITH MATCHER(id == “channel_list.screen”) TIMEOUT(10s)

HINT: To print view hierarchy on failed actions/matches, use log-level verbose or higher.
    at ChannelListScreen.toBeVisible (/Users/runner/work/mattermost-mobile/mattermost-mobile/detox/e2e/support/ui/screen/channel_list.ts:75:57)
    at Object.&lt;anonymous&gt; (/Users/runner/work/mattermost-mobile/mattermost-mobile/detox/e2e/test/channels/leave_channel.e2e.ts:47:33)
    at Promise.then.completed (/Users/runner/work/mattermost-mobile/mattermost-mobile/detox/node_modules/jest-circus/build/utils.js:298:28)
    at new Promise (&lt;anonymous&gt;)
    at callAsyncCircusFn (/Users/runner/work/mattermost-mobile/mattermost-mobile/detox/node_modules/jest-circus/build/utils.js:231:10)
    at _callCircusHook (/Users/runner/work/mattermost-mobile/mattermost-mobile/detox/node_modules/jest-circus/build/run.js:281:40)
    at _runTest (/Users/runner/work/mattermost-mobile/mattermost-mobile/detox/node_modules/jest-circus/build/run.js:246:5)
    at _runTestsForDescribeBlock (/Users/runner/work/mattermost-mobile/mattermost-mobile/detox/node_modules/jest-circus/build/run.js:126:9)
    at _runTestsForDescribeBlock (/Users/runner/work/mattermost-mobile/mattermost-mobile/detox/node_modules/jest-circus/build/run.js:121:9)
    at run (/Users/runner/work/mattermost-mobile/mattermost-mobile/detox/node_modules/jest-circus/build/run.js:71:3)
    at runAndTransformResultsToJestFormat (/Users/runner/work/mattermost-mobile/mattermost-mobile/detox/node_modules/jest-circus/build/legacy-code-todo-rewrite/jestAdapterInit.js:122:21)
    at jestAdapter (/Users/runner/work/mattermost-mobile/mattermost-mobile/detox/node_modules/jest-circus/build/legacy-code-todo-rewrite/jestAdapter.js:79:19)
    at runTestInternal (/Users/runner/work/mattermost-mobile/mattermost-mobile/detox/node_modules/jest-runner/build/runTest.js:367:16)
    at runTest (/Users/runner/work/mattermost-mobile/mattermost-mobile/detox/node_modules/jest-runner/build/runTest.js:444:34)</failure>
    </testcase>
    <testcase classname=" Test execution failure: could be caused by test hooks like &apos;afterAll&apos;." name=" Test execution failure: could be caused by test hooks like &apos;afterAll&apos;." time="0">
      <failure>{&quot;message&quot;:&quot;&quot;,&quot;stack&quot;:&quot;Test Failed: Timed out while waiting for expectation: TOBEVISIBLE WITH MATCHER(id == “tab_bar.account.tab”) TIMEOUT(2s)\n\nHINT: To print view hierarchy on failed actions/matches, use log-level verbose or higher.\n    at AccountScreen.open (/Users/runner/work/mattermost-mobile/mattermost-mobile/detox/e2e/support/ui/screen/account.ts:84:60)\n    at HomeScreen.logout (/Users/runner/work/mattermost-mobile/mattermost-mobile/detox/e2e/support/ui/screen/home.ts:40:29)\n    at Object.&lt;anonymous&gt; (/Users/runner/work/mattermost-mobile/mattermost-mobile/detox/e2e/test/channels/leave_channel.e2e.ts:52:26)\n    at Promise.then.completed (/Users/runner/work/mattermost-mobile/mattermost-mobile/detox/node_modules/jest-circus/build/utils.js:298:28)\n    at new Promise (&lt;anonymous&gt;)\n    at callAsyncCircusFn (/Users/runner/work/mattermost-mobile/mattermost-mobile/detox/node_modules/jest-circus/build/utils.js:231:10)\n    at _callCircusHook (/Users/runner/work/mattermost-mobile/mattermost-mobile/detox/node_modules/jest-circus/build/run.js:281:40)\n    at _runTestsForDescribeBlock (/Users/runner/work/mattermost-mobile/mattermost-mobile/detox/node_modules/jest-circus/build/run.js:154:7)\n    at _runTestsForDescribeBlock (/Users/runner/work/mattermost-mobile/mattermost-mobile/detox/node_modules/jest-circus/build/run.js:121:9)\n    at run (/Users/runner/work/mattermost-mobile/mattermost-mobile/detox/node_modules/jest-circus/build/run.js:71:3)\n    at runAndTransformResultsToJestFormat (/Users/runner/work/mattermost-mobile/mattermost-mobile/detox/node_modules/jest-circus/build/legacy-code-todo-rewrite/jestAdapterInit.js:122:21)\n    at jestAdapter (/Users/runner/work/mattermost-mobile/mattermost-mobile/detox/node_modules/jest-circus/build/legacy-code-todo-rewrite/jestAdapter.js:79:19)\n    at runTestInternal (/Users/runner/work/mattermost-mobile/mattermost-mobile/detox/node_modules/jest-runner/build/runTest.js:367:16)\n    at runTest (/Users/runner/work/mattermost-mobile/mattermost-mobile/detox/node_modules/jest-runner/build/runTest.js:444:34)&quot;}</failure>
    </testcase>
  </testsuite>
  <testsuite name="Channels - Mute and Unmute Channel" errors="0" failures="0" skipped="0" timestamp="2024-03-19T14:50:55" time="127.24" tests="2">
    <testcase classname="Channels - Mute and Unmute Channel MM-T4930_1 - should be able to mute/unmute a channel from channel quick actions" name="Channels - Mute and Unmute Channel MM-T4930_1 - should be able to mute/unmute a channel from channel quick actions" time="27.905">
    </testcase>
    <testcase classname="Channels - Mute and Unmute Channel MM-T4930_2 - should be able to mute/unmute a channel from channel info screen" name="Channels - Mute and Unmute Channel MM-T4930_2 - should be able to mute/unmute a channel from channel info screen" time="24.292">
    </testcase>
  </testsuite>
  <testsuite name="Channels - Unarchive Channel" errors="0" failures="2" skipped="0" timestamp="2024-03-19T14:53:03" time="49.934" tests="2">
    <testcase classname="Channels - Unarchive Channel MM-T4944_1 - should be able to unarchive a public channel and confirm" name="Channels - Unarchive Channel MM-T4944_1 - should be able to unarchive a public channel and confirm" time="0.002">
      <failure>TypeError: Cannot read properties of undefined (reading &apos;email&apos;)
    at LoginScreen.login (/Users/runner/work/mattermost-mobile/mattermost-mobile/detox/e2e/support/ui/screen/login.ts:63:56)
    at processTicksAndRejections (node:internal/process/task_queues:95:5)
    at Object.&lt;anonymous&gt; (/Users/runner/work/mattermost-mobile/mattermost-mobile/detox/e2e/test/channels/unarchive_channel.e2e.ts:30:9)</failure>
    </testcase>
    <testcase classname="Channels - Unarchive Channel MM-T4944_2 - should be able to unarchive a private channel and confirm" name="Channels - Unarchive Channel MM-T4944_2 - should be able to unarchive a private channel and confirm" time="0.001">
      <failure>TypeError: Cannot read properties of undefined (reading &apos;email&apos;)
    at LoginScreen.login (/Users/runner/work/mattermost-mobile/mattermost-mobile/detox/e2e/support/ui/screen/login.ts:63:56)
    at processTicksAndRejections (node:internal/process/task_queues:95:5)
    at Object.&lt;anonymous&gt; (/Users/runner/work/mattermost-mobile/mattermost-mobile/detox/e2e/test/channels/unarchive_channel.e2e.ts:30:9)</failure>
    </testcase>
    <testcase classname=" Test execution failure: could be caused by test hooks like &apos;afterAll&apos;." name=" Test execution failure: could be caused by test hooks like &apos;afterAll&apos;." time="0">
      <failure>{&quot;message&quot;:&quot;&quot;,&quot;stack&quot;:&quot;Test Failed: Timed out while waiting for expectation: TOBEVISIBLE WITH MATCHER(id == “tab_bar.account.tab”) TIMEOUT(2s)\n\nHINT: To print view hierarchy on failed actions/matches, use log-level verbose or higher.\n    at AccountScreen.open (/Users/runner/work/mattermost-mobile/mattermost-mobile/detox/e2e/support/ui/screen/account.ts:84:60)\n    at HomeScreen.logout (/Users/runner/work/mattermost-mobile/mattermost-mobile/detox/e2e/support/ui/screen/home.ts:40:29)\n    at Object.&lt;anonymous&gt; (/Users/runner/work/mattermost-mobile/mattermost-mobile/detox/e2e/test/channels/unarchive_channel.e2e.ts:40:26)\n    at Promise.then.completed (/Users/runner/work/mattermost-mobile/mattermost-mobile/detox/node_modules/jest-circus/build/utils.js:298:28)\n    at new Promise (&lt;anonymous&gt;)\n    at callAsyncCircusFn (/Users/runner/work/mattermost-mobile/mattermost-mobile/detox/node_modules/jest-circus/build/utils.js:231:10)\n    at _callCircusHook (/Users/runner/work/mattermost-mobile/mattermost-mobile/detox/node_modules/jest-circus/build/run.js:281:40)\n    at processTicksAndRejections (node:internal/process/task_queues:95:5)\n    at _runTestsForDescribeBlock (/Users/runner/work/mattermost-mobile/mattermost-mobile/detox/node_modules/jest-circus/build/run.js:154:7)\n    at _runTestsForDescribeBlock (/Users/runner/work/mattermost-mobile/mattermost-mobile/detox/node_modules/jest-circus/build/run.js:121:9)\n    at run (/Users/runner/work/mattermost-mobile/mattermost-mobile/detox/node_modules/jest-circus/build/run.js:71:3)\n    at runAndTransformResultsToJestFormat (/Users/runner/work/mattermost-mobile/mattermost-mobile/detox/node_modules/jest-circus/build/legacy-code-todo-rewrite/jestAdapterInit.js:122:21)\n    at jestAdapter (/Users/runner/work/mattermost-mobile/mattermost-mobile/detox/node_modules/jest-circus/build/legacy-code-todo-rewrite/jestAdapter.js:79:19)\n    at runTestInternal (/Users/runner/work/mattermost-mobile/mattermost-mobile/detox/node_modules/jest-runner/build/runTest.js:367:16)\n    at runTest (/Users/runner/work/mattermost-mobile/mattermost-mobile/detox/node_modules/jest-runner/build/runTest.js:444:34)&quot;}</failure>
    </testcase>
  </testsuite>
  <testsuite name="Messaging - At-Mention" errors="0" failures="0" skipped="1" timestamp="2024-03-19T14:53:53" time="111.368" tests="3">
    <testcase classname="Messaging - At-Mention MM-T4874_1 - should post at-mention as lowercase" name="Messaging - At-Mention MM-T4874_1 - should post at-mention as lowercase" time="21.966">
    </testcase>
    <testcase classname="Messaging - At-Mention MM-T4874_2 - should display confirmation dialog when posting @all, @channel, and @here -- UNSTABLE" name="Messaging - At-Mention MM-T4874_2 - should display confirmation dialog when posting @all, @channel, and @here -- UNSTABLE" time="0">
      <skipped/>
    </testcase>
    <testcase classname="Messaging - At-Mention MM-T4874_3 - should be able to open user profile by tapping on at-mention" name="Messaging - At-Mention MM-T4874_3 - should be able to open user profile by tapping on at-mention" time="22.426">
    </testcase>
  </testsuite>
  <testsuite name="Messaging - Channel Link" errors="0" failures="2" skipped="0" timestamp="2024-03-19T14:55:44" time="42.827" tests="2">
    <testcase classname="Messaging - Channel Link MM-T4877_1 - should be able to open joined channel by tapping on channel link from main channel" name="Messaging - Channel Link MM-T4877_1 - should be able to open joined channel by tapping on channel link from main channel" time="0.002">
      <failure>TypeError: Cannot read properties of undefined (reading &apos;id&apos;)
    at Object.apiInit (/Users/runner/work/mattermost-mobile/mattermost-mobile/detox/e2e/support/server_api/setup.ts:20:96)
    at processTicksAndRejections (node:internal/process/task_queues:95:5)
    at Object.&lt;anonymous&gt; (/Users/runner/work/mattermost-mobile/mattermost-mobile/detox/e2e/test/messaging/channel_link.e2e.ts:37:39)</failure>
    </testcase>
    <testcase classname="Messaging - Channel Link MM-T4877_2 - should be able to open joined channel by tapping on channel link from reply thread" name="Messaging - Channel Link MM-T4877_2 - should be able to open joined channel by tapping on channel link from reply thread" time="0.002">
      <failure>TypeError: Cannot read properties of undefined (reading &apos;id&apos;)
    at Object.apiInit (/Users/runner/work/mattermost-mobile/mattermost-mobile/detox/e2e/support/server_api/setup.ts:20:96)
    at processTicksAndRejections (node:internal/process/task_queues:95:5)
    at Object.&lt;anonymous&gt; (/Users/runner/work/mattermost-mobile/mattermost-mobile/detox/e2e/test/messaging/channel_link.e2e.ts:37:39)</failure>
    </testcase>
    <testcase classname=" Test execution failure: could be caused by test hooks like &apos;afterAll&apos;." name=" Test execution failure: could be caused by test hooks like &apos;afterAll&apos;." time="0">
      <failure>{&quot;message&quot;:&quot;&quot;,&quot;stack&quot;:&quot;Test Failed: Timed out while waiting for expectation: TOBEVISIBLE WITH MATCHER(id == “tab_bar.account.tab”) TIMEOUT(2s)\n\nHINT: To print view hierarchy on failed actions/matches, use log-level verbose or higher.\n    at AccountScreen.open (/Users/runner/work/mattermost-mobile/mattermost-mobile/detox/e2e/support/ui/screen/account.ts:84:60)\n    at HomeScreen.logout (/Users/runner/work/mattermost-mobile/mattermost-mobile/detox/e2e/support/ui/screen/home.ts:40:29)\n    at Object.&lt;anonymous&gt; (/Users/runner/work/mattermost-mobile/mattermost-mobile/detox/e2e/test/messaging/channel_link.e2e.ts:54:26)\n    at Promise.then.completed (/Users/runner/work/mattermost-mobile/mattermost-mobile/detox/node_modules/jest-circus/build/utils.js:298:28)\n    at new Promise (&lt;anonymous&gt;)\n    at callAsyncCircusFn (/Users/runner/work/mattermost-mobile/mattermost-mobile/detox/node_modules/jest-circus/build/utils.js:231:10)\n    at _callCircusHook (/Users/runner/work/mattermost-mobile/mattermost-mobile/detox/node_modules/jest-circus/build/run.js:281:40)\n    at processTicksAndRejections (node:internal/process/task_queues:95:5)\n    at _runTestsForDescribeBlock (/Users/runner/work/mattermost-mobile/mattermost-mobile/detox/node_modules/jest-circus/build/run.js:154:7)\n    at _runTestsForDescribeBlock (/Users/runner/work/mattermost-mobile/mattermost-mobile/detox/node_modules/jest-circus/build/run.js:121:9)\n    at run (/Users/runner/work/mattermost-mobile/mattermost-mobile/detox/node_modules/jest-circus/build/run.js:71:3)\n    at runAndTransformResultsToJestFormat (/Users/runner/work/mattermost-mobile/mattermost-mobile/detox/node_modules/jest-circus/build/legacy-code-todo-rewrite/jestAdapterInit.js:122:21)\n    at jestAdapter (/Users/runner/work/mattermost-mobile/mattermost-mobile/detox/node_modules/jest-circus/build/legacy-code-todo-rewrite/jestAdapter.js:79:19)\n    at runTestInternal (/Users/runner/work/mattermost-mobile/mattermost-mobile/detox/node_modules/jest-runner/build/runTest.js:367:16)\n    at runTest (/Users/runner/work/mattermost-mobile/mattermost-mobile/detox/node_modules/jest-runner/build/runTest.js:444:34)&quot;}</failure>
    </testcase>
  </testsuite>
  <testsuite name="Messaging - Channel Mention" errors="0" failures="2" skipped="0" timestamp="2024-03-19T14:56:27" time="8.861" tests="2">
    <testcase classname="Messaging - Channel Mention MM-T4875_1 - should post channel mention as channel display name" name="Messaging - Channel Mention MM-T4875_1 - should post channel mention as channel display name" time="0.001">
      <failure>TypeError: Cannot read properties of undefined (reading &apos;status&apos;)
    at Object.apiCheckSystemHealth (/Users/runner/work/mattermost-mobile/mattermost-mobile/detox/e2e/support/server_api/system.ts:31:21)
    at processTicksAndRejections (node:internal/process/task_queues:95:5)
    at Object.&lt;anonymous&gt; (/Users/runner/work/mattermost-mobile/mattermost-mobile/detox/e2e/test/setup.ts:9:5)</failure>
      <failure>TypeError: Cannot read properties of undefined (reading &apos;id&apos;)
    at Object.apiInit (/Users/runner/work/mattermost-mobile/mattermost-mobile/detox/e2e/support/server_api/setup.ts:20:96)
    at processTicksAndRejections (node:internal/process/task_queues:95:5)
    at Object.&lt;anonymous&gt; (/Users/runner/work/mattermost-mobile/mattermost-mobile/detox/e2e/test/messaging/channel_mention.e2e.ts:37:39)</failure>
    </testcase>
    <testcase classname="Messaging - Channel Mention MM-T4875_2 - should be able to open joined channel by tapping on channel mention" name="Messaging - Channel Mention MM-T4875_2 - should be able to open joined channel by tapping on channel mention" time="0.001">
      <failure>TypeError: Cannot read properties of undefined (reading &apos;status&apos;)
    at Object.apiCheckSystemHealth (/Users/runner/work/mattermost-mobile/mattermost-mobile/detox/e2e/support/server_api/system.ts:31:21)
    at processTicksAndRejections (node:internal/process/task_queues:95:5)
    at Object.&lt;anonymous&gt; (/Users/runner/work/mattermost-mobile/mattermost-mobile/detox/e2e/test/setup.ts:9:5)</failure>
      <failure>TypeError: Cannot read properties of undefined (reading &apos;id&apos;)
    at Object.apiInit (/Users/runner/work/mattermost-mobile/mattermost-mobile/detox/e2e/support/server_api/setup.ts:20:96)
    at processTicksAndRejections (node:internal/process/task_queues:95:5)
    at Object.&lt;anonymous&gt; (/Users/runner/work/mattermost-mobile/mattermost-mobile/detox/e2e/test/messaging/channel_mention.e2e.ts:37:39)</failure>
    </testcase>
    <testcase classname=" Test execution failure: could be caused by test hooks like &apos;afterAll&apos;." name=" Test execution failure: could be caused by test hooks like &apos;afterAll&apos;." time="0">
      <failure>{&quot;message&quot;:&quot;&quot;,&quot;stack&quot;:&quot;Detox can&apos;t seem to connect to the test app(s)!\n\nHINT: \n\nHave you forgotten to call &apos;device.launchApp()&apos; in the beginning of your test?\nRefer to our troubleshooting guide, for full details: https://wix.github.io/Detox/docs/troubleshooting/running-tests#tests-execution-hangs\n\n---\nThe following package could not be delivered:\n\n{\n  type: &apos;invoke&apos;,\n  params: [Object],\n  messageId: 1\n}\n    at AccountScreen.open (/Users/runner/work/mattermost-mobile/mattermost-mobile/detox/e2e/support/ui/screen/account.ts:84:60)\n    at HomeScreen.logout (/Users/runner/work/mattermost-mobile/mattermost-mobile/detox/e2e/support/ui/screen/home.ts:40:29)\n    at Object.&lt;anonymous&gt; (/Users/runner/work/mattermost-mobile/mattermost-mobile/detox/e2e/test/messaging/channel_mention.e2e.ts:54:26)\n    at Promise.then.completed (/Users/runner/work/mattermost-mobile/mattermost-mobile/detox/node_modules/jest-circus/build/utils.js:298:28)\n    at new Promise (&lt;anonymous&gt;)\n    at callAsyncCircusFn (/Users/runner/work/mattermost-mobile/mattermost-mobile/detox/node_modules/jest-circus/build/utils.js:231:10)\n    at _callCircusHook (/Users/runner/work/mattermost-mobile/mattermost-mobile/detox/node_modules/jest-circus/build/run.js:281:40)\n    at processTicksAndRejections (node:internal/process/task_queues:95:5)\n    at _runTestsForDescribeBlock (/Users/runner/work/mattermost-mobile/mattermost-mobile/detox/node_modules/jest-circus/build/run.js:154:7)\n    at _runTestsForDescribeBlock (/Users/runner/work/mattermost-mobile/mattermost-mobile/detox/node_modules/jest-circus/build/run.js:121:9)\n    at run (/Users/runner/work/mattermost-mobile/mattermost-mobile/detox/node_modules/jest-circus/build/run.js:71:3)\n    at runAndTransformResultsToJestFormat (/Users/runner/work/mattermost-mobile/mattermost-mobile/detox/node_modules/jest-circus/build/legacy-code-todo-rewrite/jestAdapterInit.js:122:21)\n    at jestAdapter (/Users/runner/work/mattermost-mobile/mattermost-mobile/detox/node_modules/jest-circus/build/legacy-code-todo-rewrite/jestAdapter.js:79:19)\n    at runTestInternal (/Users/runner/work/mattermost-mobile/mattermost-mobile/detox/node_modules/jest-runner/build/runTest.js:367:16)\n    at runTest (/Users/runner/work/mattermost-mobile/mattermost-mobile/detox/node_modules/jest-runner/build/runTest.js:444:34)&quot;}</failure>
    </testcase>
  </testsuite>
  <testsuite name="Messaging - Emojis and Reactions" errors="0" failures="4" skipped="0" timestamp="2024-03-19T14:56:36" time="37.639" tests="4">
    <testcase classname="Messaging - Emojis and Reactions MM-T4862_1 - should be able to view recent reactions and add new reaction via post options" name="Messaging - Emojis and Reactions MM-T4862_1 - should be able to view recent reactions and add new reaction via post options" time="0.001">
      <failure>TypeError: Cannot read properties of undefined (reading &apos;id&apos;)
    at Object.apiInit (/Users/runner/work/mattermost-mobile/mattermost-mobile/detox/e2e/support/server_api/setup.ts:20:96)
    at processTicksAndRejections (node:internal/process/task_queues:95:5)
    at Object.&lt;anonymous&gt; (/Users/runner/work/mattermost-mobile/mattermost-mobile/detox/e2e/test/messaging/emojis_and_reactions.e2e.ts:38:33)</failure>
    </testcase>
    <testcase classname="Messaging - Emojis and Reactions MM-T4862_2 - should be able to long press on a reaction to view the list of users who reacted" name="Messaging - Emojis and Reactions MM-T4862_2 - should be able to long press on a reaction to view the list of users who reacted" time="0.001">
      <failure>TypeError: Cannot read properties of undefined (reading &apos;id&apos;)
    at Object.apiInit (/Users/runner/work/mattermost-mobile/mattermost-mobile/detox/e2e/support/server_api/setup.ts:20:96)
    at processTicksAndRejections (node:internal/process/task_queues:95:5)
    at Object.&lt;anonymous&gt; (/Users/runner/work/mattermost-mobile/mattermost-mobile/detox/e2e/test/messaging/emojis_and_reactions.e2e.ts:38:33)</failure>
    </testcase>
    <testcase classname="Messaging - Emojis and Reactions MM-T4862_3 - should be able to include emojis in a message and be able to find them in emoji bar and recently used section" name="Messaging - Emojis and Reactions MM-T4862_3 - should be able to include emojis in a message and be able to find them in emoji bar and recently used section" time="0.001">
      <failure>TypeError: Cannot read properties of undefined (reading &apos;id&apos;)
    at Object.apiInit (/Users/runner/work/mattermost-mobile/mattermost-mobile/detox/e2e/support/server_api/setup.ts:20:96)
    at processTicksAndRejections (node:internal/process/task_queues:95:5)
    at Object.&lt;anonymous&gt; (/Users/runner/work/mattermost-mobile/mattermost-mobile/detox/e2e/test/messaging/emojis_and_reactions.e2e.ts:38:33)</failure>
    </testcase>
    <testcase classname="Messaging - Emojis and Reactions MM-T4862_4 - should display empty search state for emoji picker" name="Messaging - Emojis and Reactions MM-T4862_4 - should display empty search state for emoji picker" time="0">
      <failure>TypeError: Cannot read properties of undefined (reading &apos;id&apos;)
    at Object.apiInit (/Users/runner/work/mattermost-mobile/mattermost-mobile/detox/e2e/support/server_api/setup.ts:20:96)
    at processTicksAndRejections (node:internal/process/task_queues:95:5)
    at Object.&lt;anonymous&gt; (/Users/runner/work/mattermost-mobile/mattermost-mobile/detox/e2e/test/messaging/emojis_and_reactions.e2e.ts:38:33)</failure>
    </testcase>
    <testcase classname=" Test execution failure: could be caused by test hooks like &apos;afterAll&apos;." name=" Test execution failure: could be caused by test hooks like &apos;afterAll&apos;." time="0">
      <failure>{&quot;message&quot;:&quot;&quot;,&quot;stack&quot;:&quot;Test Failed: Timed out while waiting for expectation: TOBEVISIBLE WITH MATCHER(id == “tab_bar.account.tab”) TIMEOUT(2s)\n\nHINT: To print view hierarchy on failed actions/matches, use log-level verbose or higher.\n    at AccountScreen.open (/Users/runner/work/mattermost-mobile/mattermost-mobile/detox/e2e/support/ui/screen/account.ts:84:60)\n    at HomeScreen.logout (/Users/runner/work/mattermost-mobile/mattermost-mobile/detox/e2e/support/ui/screen/home.ts:40:29)\n    at Object.&lt;anonymous&gt; (/Users/runner/work/mattermost-mobile/mattermost-mobile/detox/e2e/test/messaging/emojis_and_reactions.e2e.ts:54:26)\n    at Promise.then.completed (/Users/runner/work/mattermost-mobile/mattermost-mobile/detox/node_modules/jest-circus/build/utils.js:298:28)\n    at new Promise (&lt;anonymous&gt;)\n    at callAsyncCircusFn (/Users/runner/work/mattermost-mobile/mattermost-mobile/detox/node_modules/jest-circus/build/utils.js:231:10)\n    at _callCircusHook (/Users/runner/work/mattermost-mobile/mattermost-mobile/detox/node_modules/jest-circus/build/run.js:281:40)\n    at processTicksAndRejections (node:internal/process/task_queues:95:5)\n    at _runTestsForDescribeBlock (/Users/runner/work/mattermost-mobile/mattermost-mobile/detox/node_modules/jest-circus/build/run.js:154:7)\n    at _runTestsForDescribeBlock (/Users/runner/work/mattermost-mobile/mattermost-mobile/detox/node_modules/jest-circus/build/run.js:121:9)\n    at run (/Users/runner/work/mattermost-mobile/mattermost-mobile/detox/node_modules/jest-circus/build/run.js:71:3)\n    at runAndTransformResultsToJestFormat (/Users/runner/work/mattermost-mobile/mattermost-mobile/detox/node_modules/jest-circus/build/legacy-code-todo-rewrite/jestAdapterInit.js:122:21)\n    at jestAdapter (/Users/runner/work/mattermost-mobile/mattermost-mobile/detox/node_modules/jest-circus/build/legacy-code-todo-rewrite/jestAdapter.js:79:19)\n    at runTestInternal (/Users/runner/work/mattermost-mobile/mattermost-mobile/detox/node_modules/jest-runner/build/runTest.js:367:16)\n    at runTest (/Users/runner/work/mattermost-mobile/mattermost-mobile/detox/node_modules/jest-runner/build/runTest.js:444:34)&quot;}</failure>
    </testcase>
  </testsuite>
  <testsuite name="Messaging - Follow and Unfollow Message" errors="0" failures="2" skipped="0" timestamp="2024-03-19T14:57:14" time="7.459" tests="2">
    <testcase classname="Messaging - Follow and Unfollow Message MM-T4863_1 - should be able to follow/unfollow a message via post options" name="Messaging - Follow and Unfollow Message MM-T4863_1 - should be able to follow/unfollow a message via post options" time="0.001">
      <failure>TypeError: Cannot read properties of undefined (reading &apos;status&apos;)
    at Object.apiCheckSystemHealth (/Users/runner/work/mattermost-mobile/mattermost-mobile/detox/e2e/support/server_api/system.ts:31:21)
    at processTicksAndRejections (node:internal/process/task_queues:95:5)
    at Object.&lt;anonymous&gt; (/Users/runner/work/mattermost-mobile/mattermost-mobile/detox/e2e/test/setup.ts:9:5)</failure>
      <failure>TypeError: Cannot read properties of undefined (reading &apos;id&apos;)
    at Object.apiInit (/Users/runner/work/mattermost-mobile/mattermost-mobile/detox/e2e/support/server_api/setup.ts:20:96)
    at processTicksAndRejections (node:internal/process/task_queues:95:5)
    at Object.&lt;anonymous&gt; (/Users/runner/work/mattermost-mobile/mattermost-mobile/detox/e2e/test/messaging/follow_and_unfollow_messsage.e2e.ts:35:33)</failure>
    </testcase>
    <testcase classname="Messaging - Follow and Unfollow Message MM-T4863_2 - should be able to unfollow a message via post footer" name="Messaging - Follow and Unfollow Message MM-T4863_2 - should be able to unfollow a message via post footer" time="0.001">
      <failure>TypeError: Cannot read properties of undefined (reading &apos;status&apos;)
    at Object.apiCheckSystemHealth (/Users/runner/work/mattermost-mobile/mattermost-mobile/detox/e2e/support/server_api/system.ts:31:21)
    at processTicksAndRejections (node:internal/process/task_queues:95:5)
    at Object.&lt;anonymous&gt; (/Users/runner/work/mattermost-mobile/mattermost-mobile/detox/e2e/test/setup.ts:9:5)</failure>
      <failure>TypeError: Cannot read properties of undefined (reading &apos;id&apos;)
    at Object.apiInit (/Users/runner/work/mattermost-mobile/mattermost-mobile/detox/e2e/support/server_api/setup.ts:20:96)
    at processTicksAndRejections (node:internal/process/task_queues:95:5)
    at Object.&lt;anonymous&gt; (/Users/runner/work/mattermost-mobile/mattermost-mobile/detox/e2e/test/messaging/follow_and_unfollow_messsage.e2e.ts:35:33)</failure>
    </testcase>
    <testcase classname=" Test execution failure: could be caused by test hooks like &apos;afterAll&apos;." name=" Test execution failure: could be caused by test hooks like &apos;afterAll&apos;." time="0">
      <failure>{&quot;message&quot;:&quot;&quot;,&quot;stack&quot;:&quot;Detox can&apos;t seem to connect to the test app(s)!\n\nHINT: \n\nHave you forgotten to call &apos;device.launchApp()&apos; in the beginning of your test?\nRefer to our troubleshooting guide, for full details: https://wix.github.io/Detox/docs/troubleshooting/running-tests#tests-execution-hangs\n\n---\nThe following package could not be delivered:\n\n{\n  type: &apos;invoke&apos;,\n  params: [Object],\n  messageId: 1\n}\n    at AccountScreen.open (/Users/runner/work/mattermost-mobile/mattermost-mobile/detox/e2e/support/ui/screen/account.ts:84:60)\n    at HomeScreen.logout (/Users/runner/work/mattermost-mobile/mattermost-mobile/detox/e2e/support/ui/screen/home.ts:40:29)\n    at Object.&lt;anonymous&gt; (/Users/runner/work/mattermost-mobile/mattermost-mobile/detox/e2e/test/messaging/follow_and_unfollow_messsage.e2e.ts:50:26)\n    at Promise.then.completed (/Users/runner/work/mattermost-mobile/mattermost-mobile/detox/node_modules/jest-circus/build/utils.js:298:28)\n    at new Promise (&lt;anonymous&gt;)\n    at callAsyncCircusFn (/Users/runner/work/mattermost-mobile/mattermost-mobile/detox/node_modules/jest-circus/build/utils.js:231:10)\n    at _callCircusHook (/Users/runner/work/mattermost-mobile/mattermost-mobile/detox/node_modules/jest-circus/build/run.js:281:40)\n    at processTicksAndRejections (node:internal/process/task_queues:95:5)\n    at _runTestsForDescribeBlock (/Users/runner/work/mattermost-mobile/mattermost-mobile/detox/node_modules/jest-circus/build/run.js:154:7)\n    at _runTestsForDescribeBlock (/Users/runner/work/mattermost-mobile/mattermost-mobile/detox/node_modules/jest-circus/build/run.js:121:9)\n    at run (/Users/runner/work/mattermost-mobile/mattermost-mobile/detox/node_modules/jest-circus/build/run.js:71:3)\n    at runAndTransformResultsToJestFormat (/Users/runner/work/mattermost-mobile/mattermost-mobile/detox/node_modules/jest-circus/build/legacy-code-todo-rewrite/jestAdapterInit.js:122:21)\n    at jestAdapter (/Users/runner/work/mattermost-mobile/mattermost-mobile/detox/node_modules/jest-circus/build/legacy-code-todo-rewrite/jestAdapter.js:79:19)\n    at runTestInternal (/Users/runner/work/mattermost-mobile/mattermost-mobile/detox/node_modules/jest-runner/build/runTest.js:367:16)\n    at runTest (/Users/runner/work/mattermost-mobile/mattermost-mobile/detox/node_modules/jest-runner/build/runTest.js:444:34)&quot;}</failure>
    </testcase>
  </testsuite>
  <testsuite name="Messaging - Markdown Block Quote" errors="0" failures="1" skipped="0" timestamp="2024-03-19T14:57:21" time="33.053" tests="1">
    <testcase classname="Messaging - Markdown Block Quote MM-T4898_1 - should be able to display markdown block quote" name="Messaging - Markdown Block Quote MM-T4898_1 - should be able to display markdown block quote" time="0.001">
      <failure>TypeError: Cannot read properties of undefined (reading &apos;id&apos;)
    at Object.apiInit (/Users/runner/work/mattermost-mobile/mattermost-mobile/detox/e2e/support/server_api/setup.ts:20:96)
    at processTicksAndRejections (node:internal/process/task_queues:95:5)
    at Object.&lt;anonymous&gt; (/Users/runner/work/mattermost-mobile/mattermost-mobile/detox/e2e/test/messaging/markdown_block_quote.e2e.ts:33:33)</failure>
    </testcase>
    <testcase classname=" Test execution failure: could be caused by test hooks like &apos;afterAll&apos;." name=" Test execution failure: could be caused by test hooks like &apos;afterAll&apos;." time="0">
      <failure>{&quot;message&quot;:&quot;&quot;,&quot;stack&quot;:&quot;Test Failed: Timed out while waiting for expectation: TOBEVISIBLE WITH MATCHER(id == “tab_bar.account.tab”) TIMEOUT(2s)\n\nHINT: To print view hierarchy on failed actions/matches, use log-level verbose or higher.\n    at AccountScreen.open (/Users/runner/work/mattermost-mobile/mattermost-mobile/detox/e2e/support/ui/screen/account.ts:84:60)\n    at HomeScreen.logout (/Users/runner/work/mattermost-mobile/mattermost-mobile/detox/e2e/support/ui/screen/home.ts:40:29)\n    at Object.&lt;anonymous&gt; (/Users/runner/work/mattermost-mobile/mattermost-mobile/detox/e2e/test/messaging/markdown_block_quote.e2e.ts:48:26)\n    at Promise.then.completed (/Users/runner/work/mattermost-mobile/mattermost-mobile/detox/node_modules/jest-circus/build/utils.js:298:28)\n    at new Promise (&lt;anonymous&gt;)\n    at callAsyncCircusFn (/Users/runner/work/mattermost-mobile/mattermost-mobile/detox/node_modules/jest-circus/build/utils.js:231:10)\n    at _callCircusHook (/Users/runner/work/mattermost-mobile/mattermost-mobile/detox/node_modules/jest-circus/build/run.js:281:40)\n    at processTicksAndRejections (node:internal/process/task_queues:95:5)\n    at _runTestsForDescribeBlock (/Users/runner/work/mattermost-mobile/mattermost-mobile/detox/node_modules/jest-circus/build/run.js:154:7)\n    at _runTestsForDescribeBlock (/Users/runner/work/mattermost-mobile/mattermost-mobile/detox/node_modules/jest-circus/build/run.js:121:9)\n    at run (/Users/runner/work/mattermost-mobile/mattermost-mobile/detox/node_modules/jest-circus/build/run.js:71:3)\n    at runAndTransformResultsToJestFormat (/Users/runner/work/mattermost-mobile/mattermost-mobile/detox/node_modules/jest-circus/build/legacy-code-todo-rewrite/jestAdapterInit.js:122:21)\n    at jestAdapter (/Users/runner/work/mattermost-mobile/mattermost-mobile/detox/node_modules/jest-circus/build/legacy-code-todo-rewrite/jestAdapter.js:79:19)\n    at runTestInternal (/Users/runner/work/mattermost-mobile/mattermost-mobile/detox/node_modules/jest-runner/build/runTest.js:367:16)\n    at runTest (/Users/runner/work/mattermost-mobile/mattermost-mobile/detox/node_modules/jest-runner/build/runTest.js:444:34)&quot;}</failure>
    </testcase>
  </testsuite>
</testsuites>